Using pre-set license
Built from '2021.3/china_unity/release' branch; Version is '2021.3.26f1c1 (19b503b0ef33) revision 1684739'; Using compiler version '192829333'; Build Type 'Release'
OS: 'Windows 10  (10.0.19045) 64bit Professional' Language: 'zh' Physical Memory: 32652 MB
BatchMode: 1, IsHumanControllingUs: 0, StartBugReporterOnCrash: 0, Is64bit: 1, IsPro: 1

COMMAND LINE ARGUMENTS:
I:\Unity\Editor\2021.3.26f1c1\Editor\Unity.exe
-adb2
-batchMode
-noUpm
-name
AssetImportWorker2
-projectPath
I:/Unity/Project/Dream_diary
-logFile
Logs/AssetImportWorker2.log
-srvPort
11034
Successfully changed project path to: I:/Unity/Project/Dream_diary
I:/Unity/Project/Dream_diary
[UnityMemory] Configuration Parameters - Can be set up in boot.config
    "memorysetup-bucket-allocator-granularity=16"
    "memorysetup-bucket-allocator-bucket-count=8"
    "memorysetup-bucket-allocator-block-size=33554432"
    "memorysetup-bucket-allocator-block-count=8"
    "memorysetup-main-allocator-block-size=16777216"
    "memorysetup-thread-allocator-block-size=16777216"
    "memorysetup-gfx-main-allocator-block-size=16777216"
    "memorysetup-gfx-thread-allocator-block-size=16777216"
    "memorysetup-cache-allocator-block-size=4194304"
    "memorysetup-typetree-allocator-block-size=2097152"
    "memorysetup-profiler-bucket-allocator-granularity=16"
    "memorysetup-profiler-bucket-allocator-bucket-count=8"
    "memorysetup-profiler-bucket-allocator-block-size=33554432"
    "memorysetup-profiler-bucket-allocator-block-count=8"
    "memorysetup-profiler-allocator-block-size=16777216"
    "memorysetup-profiler-editor-allocator-block-size=1048576"
    "memorysetup-temp-allocator-size-main=16777216"
    "memorysetup-job-temp-allocator-block-size=2097152"
    "memorysetup-job-temp-allocator-block-size-background=1048576"
    "memorysetup-job-temp-allocator-reduction-small-platforms=262144"
    "memorysetup-temp-allocator-size-background-worker=32768"
    "memorysetup-temp-allocator-size-job-worker=262144"
    "memorysetup-temp-allocator-size-preload-manager=33554432"
    "memorysetup-temp-allocator-size-nav-mesh-worker=65536"
    "memorysetup-temp-allocator-size-audio-worker=65536"
    "memorysetup-temp-allocator-size-cloud-worker=32768"
    "memorysetup-temp-allocator-size-gi-baking-worker=262144"
    "memorysetup-temp-allocator-size-gfx=262144"
Player connection [29284] Host "[IP] 10.87.0.12 [Port] 0 [Flags] 2 [Guid] 4183646473 [EditorId] 4183646473 [Version] 1048832 [Id] WindowsEditor(7,DESKTOP-7OA21GU) [Debug] 1 [PackageName] WindowsEditor [ProjectName] Editor" joined multi-casting on [225.0.0.222:54997]...

Player connection [29284] Host "[IP] 10.87.0.12 [Port] 0 [Flags] 2 [Guid] 4183646473 [EditorId] 4183646473 [Version] 1048832 [Id] WindowsEditor(7,DESKTOP-7OA21GU) [Debug] 1 [PackageName] WindowsEditor [ProjectName] Editor" joined alternative multi-casting on [225.0.0.222:34997]...

AS: AutoStreaming module initializing.
Refreshing native plugins compatible for Editor in 91.49 ms, found 4 plugins.
Preloading 0 native plugins for Editor in 0.00 ms.
Initialize engine version: 2021.3.26f1c1 (19b503b0ef33)
[Subsystems] Discovering subsystems at path I:/Unity/Editor/2021.3.26f1c1/Editor/Data/Resources/UnitySubsystems
[Subsystems] Discovering subsystems at path I:/Unity/Project/Dream_diary/Assets
GfxDevice: creating device client; threaded=0; jobified=0
Direct3D:
    Version:  Direct3D 11.0 [level 11.1]
    Renderer: NVIDIA GeForce GT 1030 (ID=0x1d01)
    Vendor:   NVIDIA
    VRAM:     1967 MB
    Driver:   32.0.15.7688
Initialize mono
Mono path[0] = 'I:/Unity/Editor/2021.3.26f1c1/Editor/Data/Managed'
Mono path[1] = 'I:/Unity/Editor/2021.3.26f1c1/Editor/Data/MonoBleedingEdge/lib/mono/unityjit-win32'
Mono config path = 'I:/Unity/Editor/2021.3.26f1c1/Editor/Data/MonoBleedingEdge/etc'
Using monoOptions --debugger-agent=transport=dt_socket,embedding=1,server=y,suspend=n,address=127.0.0.1:56812
Begin MonoManager ReloadAssembly
Registering precompiled unity dll's ...
Register platform support module: I:/Unity/Editor/2021.3.26f1c1/Editor/Data/PlaybackEngines/WebGLSupport/UnityEditor.WebGL.Extensions.dll
Register platform support module: I:/Unity/Editor/2021.3.26f1c1/Editor/Data/PlaybackEngines/WindowsStandaloneSupport/UnityEditor.WindowsStandalone.Extensions.dll
Register platform support module: I:/Unity/Editor/2021.3.26f1c1/Editor/Data/PlaybackEngines/MetroSupport/UnityEditor.UWP.Extensions.dll
Registered in 0.006049 seconds.
Native extension for UWP target not found
Native extension for WindowsStandalone target not found
Native extension for WebGL target not found
Refreshing native plugins compatible for Editor in 83.65 ms, found 4 plugins.
Preloading 0 native plugins for Editor in 0.00 ms.
Mono: successfully reloaded assembly
- Completed reload, in  0.679 seconds
Domain Reload Profiling:
	ReloadAssembly (679ms)
		BeginReloadAssembly (110ms)
			ExecutionOrderSort (0ms)
			DisableScriptedObjects (0ms)
			BackupInstance (0ms)
			ReleaseScriptingObjects (0ms)
			CreateAndSetChildDomain (1ms)
		EndReloadAssembly (458ms)
			LoadAssemblies (105ms)
			RebuildTransferFunctionScriptingTraits (0ms)
			SetupTypeCache (109ms)
			ReleaseScriptCaches (0ms)
			RebuildScriptCaches (28ms)
			SetupLoadedEditorAssemblies (263ms)
				LogAssemblyErrors (0ms)
				InitializePlatformSupportModulesInManaged (10ms)
				SetLoadedEditorAssemblies (0ms)
				RefreshPlugins (84ms)
				BeforeProcessingInitializeOnLoad (1ms)
				ProcessInitializeOnLoadAttributes (122ms)
				ProcessInitializeOnLoadMethodAttributes (47ms)
				AfterProcessingInitializeOnLoad (0ms)
				EditorAssembliesLoaded (0ms)
			ExecutionOrderSort2 (0ms)
			AwakeInstancesAfterBackupRestoration (0ms)
Platform modules already initialized, skipping
Registering precompiled user dll's ...
Registered in 0.015070 seconds.
Begin MonoManager ReloadAssembly
Symbol file LoadedFromMemory doesn't match image I:\Unity\Project\Dream_diary\Library\PackageCache\com.unity.visualscripting@1.8.0\Editor\VisualScripting.Core\Dependencies\YamlDotNet\Unity.VisualScripting.YamlDotNet.dll
Symbol file LoadedFromMemory doesn't match image I:\Unity\Project\Dream_diary\Library\PackageCache\com.unity.visualscripting@1.8.0\Editor\VisualScripting.Core\Dependencies\DotNetZip\Unity.VisualScripting.IonicZip.dll
Native extension for UWP target not found
Native extension for WindowsStandalone target not found
Native extension for WebGL target not found
Refreshing native plugins compatible for Editor in 89.86 ms, found 4 plugins.
Preloading 0 native plugins for Editor in 0.00 ms.
Mono: successfully reloaded assembly
- Completed reload, in  1.399 seconds
Domain Reload Profiling:
	ReloadAssembly (1399ms)
		BeginReloadAssembly (144ms)
			ExecutionOrderSort (0ms)
			DisableScriptedObjects (6ms)
			BackupInstance (0ms)
			ReleaseScriptingObjects (0ms)
			CreateAndSetChildDomain (20ms)
		EndReloadAssembly (1125ms)
			LoadAssemblies (120ms)
			RebuildTransferFunctionScriptingTraits (0ms)
			SetupTypeCache (248ms)
			ReleaseScriptCaches (1ms)
			RebuildScriptCaches (61ms)
			SetupLoadedEditorAssemblies (660ms)
				LogAssemblyErrors (0ms)
				InitializePlatformSupportModulesInManaged (6ms)
				SetLoadedEditorAssemblies (0ms)
				RefreshPlugins (90ms)
				BeforeProcessingInitializeOnLoad (96ms)
				ProcessInitializeOnLoadAttributes (403ms)
				ProcessInitializeOnLoadMethodAttributes (49ms)
				AfterProcessingInitializeOnLoad (16ms)
				EditorAssembliesLoaded (0ms)
			ExecutionOrderSort2 (0ms)
			AwakeInstancesAfterBackupRestoration (6ms)
Platform modules already initialized, skipping
========================================================================
Worker process is ready to serve import requests
Launched and connected shader compiler UnityShaderCompiler.exe after 0.05 seconds
Refreshing native plugins compatible for Editor in 3.21 ms, found 4 plugins.
Preloading 0 native plugins for Editor in 0.00 ms.
Unloading 3734 Unused Serialized files (Serialized files now loaded: 0)
Unloading 35 unused Assets / (56.0 KB). Loaded Objects now: 4194.
Memory consumption went from 146.9 MB to 146.8 MB.
Total: 6.112500 ms (FindLiveObjects: 0.434600 ms CreateObjectMapping: 0.366100 ms MarkObjects: 5.185000 ms  DeleteObjects: 0.125300 ms)

AssetImportParameters requested are different than current active one (requested -> active):
  custom:video-decoder-ogg-theora: a1e56fd34408186e4bbccfd4996cb3dc -> 
  custom:container-muxer-webm: aa71ff27fc2769a1b78a27578f13a17b -> 
  custom:container-demuxer-webm: 4f35f7cbe854078d1ac9338744f61a02 -> 
  custom:video-encoder-webm-vp8: eb34c28f22e8b96e1ab97ce403110664 -> 
  custom:video-codec-MediaFoundation-h265: 746d11721c4dcdbdad8f713fa42b33f4 -> 
  custom:audio-encoder-webm-vorbis: bf7c407c2cedff20999df2af8eb42d56 -> 
  custom:framework-win-MediaFoundation: 216162199b28c13a410421893ffa2e32 -> 
  custom:container-demuxer-ogg: 62fdf1f143b41e24485cea50d1cbac27 -> 
  custom:video-decoder-webm-vp8: 9c59270c3fd7afecdb556c50c9e8de78 -> 
  custom:audio-decoder-ogg-vorbis: bf7c407c2cedff20999df2af8eb42d56 -> 
========================================================================
Received Import Request.
  Time since last request: 1526698.446692 seconds.
  path: Assets/Sprites/ui/T_008.png
  artifactKey: Guid(61b5870f6982778468f10b6bf74d8f00) Importer(815301076,1909f56bfc062723c751e8b465ee728b)
Start importing Assets/Sprites/ui/T_008.png using Guid(61b5870f6982778468f10b6bf74d8f00) Importer(815301076,1909f56bfc062723c751e8b465ee728b)  -> (artifact id: '755950890bf89cc38077aa62d6f754bc') in 0.165231 seconds 
========================================================================
Received Import Request.
  Time since last request: 0.000032 seconds.
  path: Assets/Sprites/ui/UI_003.png
  artifactKey: Guid(f7446874e7641504b8697b222aed3c7c) Importer(815301076,1909f56bfc062723c751e8b465ee728b)
Start importing Assets/Sprites/ui/UI_003.png using Guid(f7446874e7641504b8697b222aed3c7c) Importer(815301076,1909f56bfc062723c751e8b465ee728b)  -> (artifact id: '3d54b46c138fb234e8d9f2b46d929a9b') in 0.043115 seconds 
========================================================================
Received Import Request.
  Time since last request: 333.667144 seconds.
  path: Assets/Sprites/角色/成年走走小人/CHAB_002 (8).png
  artifactKey: Guid(7430337639497e14fbd293093845804b) Importer(815301076,1909f56bfc062723c751e8b465ee728b)
Start importing Assets/Sprites/角色/成年走走小人/CHAB_002 (8).png using Guid(7430337639497e14fbd293093845804b) Importer(815301076,1909f56bfc062723c751e8b465ee728b)  -> (artifact id: '3440d21a694c33be4515f0653d6dd35b') in 0.024264 seconds 
========================================================================
Received Import Request.
  Time since last request: 116.667411 seconds.
  path: ProjectSettings/TagManager.asset
  artifactKey: Guid(00000000000000003000000000000000) Importer(815301076,1909f56bfc062723c751e8b465ee728b)
Start importing ProjectSettings/TagManager.asset using Guid(00000000000000003000000000000000) Importer(815301076,1909f56bfc062723c751e8b465ee728b)  -> (artifact id: '5f74b9f0782f3ffe8a654b2b60a9f33c') in 0.017411 seconds 
========================================================================
Received Prepare
Registering precompiled user dll's ...
Registered in 0.015146 seconds.
Begin MonoManager ReloadAssembly
Symbol file LoadedFromMemory doesn't match image I:\Unity\Project\Dream_diary\Library\PackageCache\com.unity.visualscripting@1.8.0\Editor\VisualScripting.Core\Dependencies\YamlDotNet\Unity.VisualScripting.YamlDotNet.dll
Symbol file LoadedFromMemory doesn't match image I:\Unity\Project\Dream_diary\Library\PackageCache\com.unity.visualscripting@1.8.0\Editor\VisualScripting.Core\Dependencies\DotNetZip\Unity.VisualScripting.IonicZip.dll
Native extension for UWP target not found
Native extension for WindowsStandalone target not found
Native extension for WebGL target not found
Refreshing native plugins compatible for Editor in 0.67 ms, found 4 plugins.
Preloading 0 native plugins for Editor in 0.00 ms.
Mono: successfully reloaded assembly
- Completed reload, in  1.264 seconds
Domain Reload Profiling:
	ReloadAssembly (1264ms)
		BeginReloadAssembly (179ms)
			ExecutionOrderSort (0ms)
			DisableScriptedObjects (7ms)
			BackupInstance (0ms)
			ReleaseScriptingObjects (0ms)
			CreateAndSetChildDomain (43ms)
		EndReloadAssembly (967ms)
			LoadAssemblies (132ms)
			RebuildTransferFunctionScriptingTraits (0ms)
			SetupTypeCache (253ms)
			ReleaseScriptCaches (1ms)
			RebuildScriptCaches (45ms)
			SetupLoadedEditorAssemblies (504ms)
				LogAssemblyErrors (0ms)
				InitializePlatformSupportModulesInManaged (7ms)
				SetLoadedEditorAssemblies (0ms)
				RefreshPlugins (1ms)
				BeforeProcessingInitializeOnLoad (78ms)
				ProcessInitializeOnLoadAttributes (367ms)
				ProcessInitializeOnLoadMethodAttributes (36ms)
				AfterProcessingInitializeOnLoad (15ms)
				EditorAssembliesLoaded (0ms)
			ExecutionOrderSort2 (0ms)
			AwakeInstancesAfterBackupRestoration (6ms)
Platform modules already initialized, skipping
Refreshing native plugins compatible for Editor in 5.63 ms, found 4 plugins.
Preloading 0 native plugins for Editor in 0.00 ms.
Unloading 3724 Unused Serialized files (Serialized files now loaded: 0)
Unloading 23 unused Assets / (24.7 KB). Loaded Objects now: 4208.
Memory consumption went from 150.2 MB to 150.2 MB.
Total: 3.404300 ms (FindLiveObjects: 0.304600 ms CreateObjectMapping: 0.197800 ms MarkObjects: 2.873000 ms  DeleteObjects: 0.027900 ms)

AssetImportParameters requested are different than current active one (requested -> active):
  custom:video-decoder-ogg-theora: a1e56fd34408186e4bbccfd4996cb3dc -> 
  custom:container-muxer-webm: aa71ff27fc2769a1b78a27578f13a17b -> 
  custom:container-demuxer-webm: 4f35f7cbe854078d1ac9338744f61a02 -> 
  custom:video-encoder-webm-vp8: eb34c28f22e8b96e1ab97ce403110664 -> 
  custom:video-codec-MediaFoundation-h265: 746d11721c4dcdbdad8f713fa42b33f4 -> 
  custom:audio-encoder-webm-vorbis: bf7c407c2cedff20999df2af8eb42d56 -> 
  custom:framework-win-MediaFoundation: 216162199b28c13a410421893ffa2e32 -> 
  custom:container-demuxer-ogg: 62fdf1f143b41e24485cea50d1cbac27 -> 
  custom:video-decoder-webm-vp8: 9c59270c3fd7afecdb556c50c9e8de78 -> 
  custom:audio-decoder-ogg-vorbis: bf7c407c2cedff20999df2af8eb42d56 -> 
========================================================================
Received Prepare
Registering precompiled user dll's ...
Registered in 0.013483 seconds.
Begin MonoManager ReloadAssembly
Symbol file LoadedFromMemory doesn't match image I:\Unity\Project\Dream_diary\Library\PackageCache\com.unity.visualscripting@1.8.0\Editor\VisualScripting.Core\Dependencies\YamlDotNet\Unity.VisualScripting.YamlDotNet.dll
Symbol file LoadedFromMemory doesn't match image I:\Unity\Project\Dream_diary\Library\PackageCache\com.unity.visualscripting@1.8.0\Editor\VisualScripting.Core\Dependencies\DotNetZip\Unity.VisualScripting.IonicZip.dll
Native extension for UWP target not found
Native extension for WindowsStandalone target not found
Native extension for WebGL target not found
Refreshing native plugins compatible for Editor in 0.69 ms, found 4 plugins.
Preloading 0 native plugins for Editor in 0.00 ms.
Mono: successfully reloaded assembly
- Completed reload, in  1.243 seconds
Domain Reload Profiling:
	ReloadAssembly (1244ms)
		BeginReloadAssembly (175ms)
			ExecutionOrderSort (0ms)
			DisableScriptedObjects (7ms)
			BackupInstance (0ms)
			ReleaseScriptingObjects (0ms)
			CreateAndSetChildDomain (42ms)
		EndReloadAssembly (952ms)
			LoadAssemblies (128ms)
			RebuildTransferFunctionScriptingTraits (0ms)
			SetupTypeCache (235ms)
			ReleaseScriptCaches (1ms)
			RebuildScriptCaches (49ms)
			SetupLoadedEditorAssemblies (513ms)
				LogAssemblyErrors (0ms)
				InitializePlatformSupportModulesInManaged (7ms)
				SetLoadedEditorAssemblies (1ms)
				RefreshPlugins (1ms)
				BeforeProcessingInitializeOnLoad (74ms)
				ProcessInitializeOnLoadAttributes (382ms)
				ProcessInitializeOnLoadMethodAttributes (33ms)
				AfterProcessingInitializeOnLoad (16ms)
				EditorAssembliesLoaded (0ms)
			ExecutionOrderSort2 (0ms)
			AwakeInstancesAfterBackupRestoration (7ms)
Platform modules already initialized, skipping
Refreshing native plugins compatible for Editor in 6.00 ms, found 4 plugins.
Preloading 0 native plugins for Editor in 0.00 ms.
Unloading 3724 Unused Serialized files (Serialized files now loaded: 0)
Unloading 22 unused Assets / (24.7 KB). Loaded Objects now: 4211.
Memory consumption went from 150.2 MB to 150.2 MB.
Total: 3.681100 ms (FindLiveObjects: 0.283900 ms CreateObjectMapping: 0.166100 ms MarkObjects: 3.185800 ms  DeleteObjects: 0.043600 ms)

AssetImportParameters requested are different than current active one (requested -> active):
  custom:video-decoder-ogg-theora: a1e56fd34408186e4bbccfd4996cb3dc -> 
  custom:container-muxer-webm: aa71ff27fc2769a1b78a27578f13a17b -> 
  custom:container-demuxer-webm: 4f35f7cbe854078d1ac9338744f61a02 -> 
  custom:video-encoder-webm-vp8: eb34c28f22e8b96e1ab97ce403110664 -> 
  custom:video-codec-MediaFoundation-h265: 746d11721c4dcdbdad8f713fa42b33f4 -> 
  custom:audio-encoder-webm-vorbis: bf7c407c2cedff20999df2af8eb42d56 -> 
  custom:framework-win-MediaFoundation: 216162199b28c13a410421893ffa2e32 -> 
  custom:container-demuxer-ogg: 62fdf1f143b41e24485cea50d1cbac27 -> 
  custom:video-decoder-webm-vp8: 9c59270c3fd7afecdb556c50c9e8de78 -> 
  custom:audio-decoder-ogg-vorbis: bf7c407c2cedff20999df2af8eb42d56 -> 
========================================================================
Received Import Request.
  Time since last request: 247.121375 seconds.
  path: Assets/Scripts/move.cs
  artifactKey: Guid(960cbd29947ca6643a8e865fb3c4a00d) Importer(815301076,1909f56bfc062723c751e8b465ee728b)
Start importing Assets/Scripts/move.cs using Guid(960cbd29947ca6643a8e865fb3c4a00d) Importer(815301076,1909f56bfc062723c751e8b465ee728b)  -> (artifact id: '3744ddea1d61596edf2fb6cf71d059f8') in 0.020542 seconds 
========================================================================
Received Import Request.
  Time since last request: 2.481912 seconds.
  path: Assets/Scripts/PlayerController.cs
  artifactKey: Guid(960cbd29947ca6643a8e865fb3c4a00d) Importer(815301076,1909f56bfc062723c751e8b465ee728b)
Start importing Assets/Scripts/PlayerController.cs using Guid(960cbd29947ca6643a8e865fb3c4a00d) Importer(815301076,1909f56bfc062723c751e8b465ee728b)  -> (artifact id: 'd5271997b859998e8088f9ca79263a9e') in 0.012037 seconds 
========================================================================
Received Prepare
Registering precompiled user dll's ...
Registered in 0.013696 seconds.
Begin MonoManager ReloadAssembly
Symbol file LoadedFromMemory doesn't match image I:\Unity\Project\Dream_diary\Library\PackageCache\com.unity.visualscripting@1.8.0\Editor\VisualScripting.Core\Dependencies\YamlDotNet\Unity.VisualScripting.YamlDotNet.dll
Symbol file LoadedFromMemory doesn't match image I:\Unity\Project\Dream_diary\Library\PackageCache\com.unity.visualscripting@1.8.0\Editor\VisualScripting.Core\Dependencies\DotNetZip\Unity.VisualScripting.IonicZip.dll
Native extension for UWP target not found
Native extension for WindowsStandalone target not found
Native extension for WebGL target not found
Refreshing native plugins compatible for Editor in 0.68 ms, found 4 plugins.
Preloading 0 native plugins for Editor in 0.00 ms.
Mono: successfully reloaded assembly
- Completed reload, in  1.168 seconds
Domain Reload Profiling:
	ReloadAssembly (1168ms)
		BeginReloadAssembly (167ms)
			ExecutionOrderSort (0ms)
			DisableScriptedObjects (7ms)
			BackupInstance (0ms)
			ReleaseScriptingObjects (0ms)
			CreateAndSetChildDomain (36ms)
		EndReloadAssembly (888ms)
			LoadAssemblies (120ms)
			RebuildTransferFunctionScriptingTraits (0ms)
			SetupTypeCache (236ms)
			ReleaseScriptCaches (1ms)
			RebuildScriptCaches (43ms)
			SetupLoadedEditorAssemblies (461ms)
				LogAssemblyErrors (0ms)
				InitializePlatformSupportModulesInManaged (7ms)
				SetLoadedEditorAssemblies (0ms)
				RefreshPlugins (1ms)
				BeforeProcessingInitializeOnLoad (69ms)
				ProcessInitializeOnLoadAttributes (334ms)
				ProcessInitializeOnLoadMethodAttributes (33ms)
				AfterProcessingInitializeOnLoad (16ms)
				EditorAssembliesLoaded (0ms)
			ExecutionOrderSort2 (0ms)
			AwakeInstancesAfterBackupRestoration (7ms)
Platform modules already initialized, skipping
Refreshing native plugins compatible for Editor in 5.54 ms, found 4 plugins.
Preloading 0 native plugins for Editor in 0.00 ms.
Unloading 3724 Unused Serialized files (Serialized files now loaded: 0)
Unloading 22 unused Assets / (24.6 KB). Loaded Objects now: 4214.
Memory consumption went from 150.2 MB to 150.2 MB.
Total: 3.224500 ms (FindLiveObjects: 0.282700 ms CreateObjectMapping: 0.180700 ms MarkObjects: 2.739200 ms  DeleteObjects: 0.021000 ms)

AssetImportParameters requested are different than current active one (requested -> active):
  custom:video-decoder-ogg-theora: a1e56fd34408186e4bbccfd4996cb3dc -> 
  custom:container-muxer-webm: aa71ff27fc2769a1b78a27578f13a17b -> 
  custom:container-demuxer-webm: 4f35f7cbe854078d1ac9338744f61a02 -> 
  custom:video-encoder-webm-vp8: eb34c28f22e8b96e1ab97ce403110664 -> 
  custom:video-codec-MediaFoundation-h265: 746d11721c4dcdbdad8f713fa42b33f4 -> 
  custom:audio-encoder-webm-vorbis: bf7c407c2cedff20999df2af8eb42d56 -> 
  custom:framework-win-MediaFoundation: 216162199b28c13a410421893ffa2e32 -> 
  custom:container-demuxer-ogg: 62fdf1f143b41e24485cea50d1cbac27 -> 
  custom:video-decoder-webm-vp8: 9c59270c3fd7afecdb556c50c9e8de78 -> 
  custom:audio-decoder-ogg-vorbis: bf7c407c2cedff20999df2af8eb42d56 -> 
========================================================================
Received Prepare
Registering precompiled user dll's ...
Registered in 0.013947 seconds.
Begin MonoManager ReloadAssembly
Symbol file LoadedFromMemory doesn't match image I:\Unity\Project\Dream_diary\Library\PackageCache\com.unity.visualscripting@1.8.0\Editor\VisualScripting.Core\Dependencies\YamlDotNet\Unity.VisualScripting.YamlDotNet.dll
Symbol file LoadedFromMemory doesn't match image I:\Unity\Project\Dream_diary\Library\PackageCache\com.unity.visualscripting@1.8.0\Editor\VisualScripting.Core\Dependencies\DotNetZip\Unity.VisualScripting.IonicZip.dll
Native extension for UWP target not found
Native extension for WindowsStandalone target not found
Native extension for WebGL target not found
Refreshing native plugins compatible for Editor in 0.69 ms, found 4 plugins.
Preloading 0 native plugins for Editor in 0.00 ms.
Mono: successfully reloaded assembly
- Completed reload, in  1.229 seconds
Domain Reload Profiling:
	ReloadAssembly (1229ms)
		BeginReloadAssembly (180ms)
			ExecutionOrderSort (0ms)
			DisableScriptedObjects (7ms)
			BackupInstance (0ms)
			ReleaseScriptingObjects (0ms)
			CreateAndSetChildDomain (36ms)
		EndReloadAssembly (929ms)
			LoadAssemblies (136ms)
			RebuildTransferFunctionScriptingTraits (0ms)
			SetupTypeCache (234ms)
			ReleaseScriptCaches (1ms)
			RebuildScriptCaches (48ms)
			SetupLoadedEditorAssemblies (492ms)
				LogAssemblyErrors (0ms)
				InitializePlatformSupportModulesInManaged (7ms)
				SetLoadedEditorAssemblies (0ms)
				RefreshPlugins (1ms)
				BeforeProcessingInitializeOnLoad (81ms)
				ProcessInitializeOnLoadAttributes (354ms)
				ProcessInitializeOnLoadMethodAttributes (34ms)
				AfterProcessingInitializeOnLoad (15ms)
				EditorAssembliesLoaded (0ms)
			ExecutionOrderSort2 (0ms)
			AwakeInstancesAfterBackupRestoration (7ms)
Platform modules already initialized, skipping
Refreshing native plugins compatible for Editor in 5.16 ms, found 4 plugins.
Preloading 0 native plugins for Editor in 0.00 ms.
Unloading 3724 Unused Serialized files (Serialized files now loaded: 0)
Unloading 22 unused Assets / (24.7 KB). Loaded Objects now: 4217.
Memory consumption went from 150.2 MB to 150.2 MB.
Total: 3.426400 ms (FindLiveObjects: 0.280300 ms CreateObjectMapping: 0.181400 ms MarkObjects: 2.924100 ms  DeleteObjects: 0.040000 ms)

AssetImportParameters requested are different than current active one (requested -> active):
  custom:video-decoder-ogg-theora: a1e56fd34408186e4bbccfd4996cb3dc -> 
  custom:container-muxer-webm: aa71ff27fc2769a1b78a27578f13a17b -> 
  custom:container-demuxer-webm: 4f35f7cbe854078d1ac9338744f61a02 -> 
  custom:video-encoder-webm-vp8: eb34c28f22e8b96e1ab97ce403110664 -> 
  custom:video-codec-MediaFoundation-h265: 746d11721c4dcdbdad8f713fa42b33f4 -> 
  custom:audio-encoder-webm-vorbis: bf7c407c2cedff20999df2af8eb42d56 -> 
  custom:framework-win-MediaFoundation: 216162199b28c13a410421893ffa2e32 -> 
  custom:container-demuxer-ogg: 62fdf1f143b41e24485cea50d1cbac27 -> 
  custom:video-decoder-webm-vp8: 9c59270c3fd7afecdb556c50c9e8de78 -> 
  custom:audio-decoder-ogg-vorbis: bf7c407c2cedff20999df2af8eb42d56 -> 
========================================================================
Received Prepare
Registering precompiled user dll's ...
Registered in 0.018989 seconds.
Begin MonoManager ReloadAssembly
Symbol file LoadedFromMemory doesn't match image I:\Unity\Project\Dream_diary\Library\PackageCache\com.unity.visualscripting@1.8.0\Editor\VisualScripting.Core\Dependencies\YamlDotNet\Unity.VisualScripting.YamlDotNet.dll
Symbol file LoadedFromMemory doesn't match image I:\Unity\Project\Dream_diary\Library\PackageCache\com.unity.visualscripting@1.8.0\Editor\VisualScripting.Core\Dependencies\DotNetZip\Unity.VisualScripting.IonicZip.dll
Native extension for UWP target not found
Native extension for WindowsStandalone target not found
Native extension for WebGL target not found
Refreshing native plugins compatible for Editor in 0.89 ms, found 4 plugins.
Preloading 0 native plugins for Editor in 0.00 ms.
Mono: successfully reloaded assembly
- Completed reload, in  1.319 seconds
Domain Reload Profiling:
	ReloadAssembly (1320ms)
		BeginReloadAssembly (190ms)
			ExecutionOrderSort (0ms)
			DisableScriptedObjects (7ms)
			BackupInstance (0ms)
			ReleaseScriptingObjects (0ms)
			CreateAndSetChildDomain (38ms)
		EndReloadAssembly (1000ms)
			LoadAssemblies (150ms)
			RebuildTransferFunctionScriptingTraits (0ms)
			SetupTypeCache (252ms)
			ReleaseScriptCaches (1ms)
			RebuildScriptCaches (53ms)
			SetupLoadedEditorAssemblies (526ms)
				LogAssemblyErrors (0ms)
				InitializePlatformSupportModulesInManaged (7ms)
				SetLoadedEditorAssemblies (1ms)
				RefreshPlugins (1ms)
				BeforeProcessingInitializeOnLoad (77ms)
				ProcessInitializeOnLoadAttributes (384ms)
				ProcessInitializeOnLoadMethodAttributes (40ms)
				AfterProcessingInitializeOnLoad (17ms)
				EditorAssembliesLoaded (0ms)
			ExecutionOrderSort2 (0ms)
			AwakeInstancesAfterBackupRestoration (8ms)
Platform modules already initialized, skipping
Refreshing native plugins compatible for Editor in 5.24 ms, found 4 plugins.
Preloading 0 native plugins for Editor in 0.00 ms.
Unloading 3724 Unused Serialized files (Serialized files now loaded: 0)
Unloading 22 unused Assets / (24.8 KB). Loaded Objects now: 4220.
Memory consumption went from 150.2 MB to 150.2 MB.
Total: 4.838400 ms (FindLiveObjects: 0.350800 ms CreateObjectMapping: 0.398600 ms MarkObjects: 4.052900 ms  DeleteObjects: 0.034800 ms)

AssetImportParameters requested are different than current active one (requested -> active):
  custom:video-decoder-ogg-theora: a1e56fd34408186e4bbccfd4996cb3dc -> 
  custom:container-muxer-webm: aa71ff27fc2769a1b78a27578f13a17b -> 
  custom:container-demuxer-webm: 4f35f7cbe854078d1ac9338744f61a02 -> 
  custom:video-encoder-webm-vp8: eb34c28f22e8b96e1ab97ce403110664 -> 
  custom:video-codec-MediaFoundation-h265: 746d11721c4dcdbdad8f713fa42b33f4 -> 
  custom:audio-encoder-webm-vorbis: bf7c407c2cedff20999df2af8eb42d56 -> 
  custom:framework-win-MediaFoundation: 216162199b28c13a410421893ffa2e32 -> 
  custom:container-demuxer-ogg: 62fdf1f143b41e24485cea50d1cbac27 -> 
  custom:video-decoder-webm-vp8: 9c59270c3fd7afecdb556c50c9e8de78 -> 
  custom:audio-decoder-ogg-vorbis: bf7c407c2cedff20999df2af8eb42d56 -> 
========================================================================
Received Import Request.
  Time since last request: 93.599348 seconds.
  path: Assets/Scripts/PlayerController.cs
  artifactKey: Guid(960cbd29947ca6643a8e865fb3c4a00d) Importer(815301076,1909f56bfc062723c751e8b465ee728b)
Start importing Assets/Scripts/PlayerController.cs using Guid(960cbd29947ca6643a8e865fb3c4a00d) Importer(815301076,1909f56bfc062723c751e8b465ee728b)  -> (artifact id: '933ef7d83fb0b2ba0fa0d8fac6730c88') in 0.011099 seconds 
========================================================================
Received Import Request.
  Time since last request: 228.856817 seconds.
  path: Assets/Sprites/角色/成年走走小人/CHAB_002 (8).png
  artifactKey: Guid(7430337639497e14fbd293093845804b) Importer(815301076,1909f56bfc062723c751e8b465ee728b)
Start importing Assets/Sprites/角色/成年走走小人/CHAB_002 (8).png using Guid(7430337639497e14fbd293093845804b) Importer(815301076,1909f56bfc062723c751e8b465ee728b)  -> (artifact id: 'acd5fc34f6280bd8fa9d33878f1364be') in 0.053483 seconds 
========================================================================
Received Prepare
Registering precompiled user dll's ...
Registered in 0.015226 seconds.
Begin MonoManager ReloadAssembly
Symbol file LoadedFromMemory doesn't match image I:\Unity\Project\Dream_diary\Library\PackageCache\com.unity.visualscripting@1.8.0\Editor\VisualScripting.Core\Dependencies\YamlDotNet\Unity.VisualScripting.YamlDotNet.dll
Symbol file LoadedFromMemory doesn't match image I:\Unity\Project\Dream_diary\Library\PackageCache\com.unity.visualscripting@1.8.0\Editor\VisualScripting.Core\Dependencies\DotNetZip\Unity.VisualScripting.IonicZip.dll
Native extension for UWP target not found
Native extension for WindowsStandalone target not found
Native extension for WebGL target not found
Refreshing native plugins compatible for Editor in 0.74 ms, found 4 plugins.
Preloading 0 native plugins for Editor in 0.00 ms.
Mono: successfully reloaded assembly
- Completed reload, in  1.317 seconds
Domain Reload Profiling:
	ReloadAssembly (1318ms)
		BeginReloadAssembly (187ms)
			ExecutionOrderSort (0ms)
			DisableScriptedObjects (7ms)
			BackupInstance (0ms)
			ReleaseScriptingObjects (0ms)
			CreateAndSetChildDomain (37ms)
		EndReloadAssembly (991ms)
			LoadAssemblies (144ms)
			RebuildTransferFunctionScriptingTraits (0ms)
			SetupTypeCache (259ms)
			ReleaseScriptCaches (2ms)
			RebuildScriptCaches (52ms)
			SetupLoadedEditorAssemblies (519ms)
				LogAssemblyErrors (0ms)
				InitializePlatformSupportModulesInManaged (8ms)
				SetLoadedEditorAssemblies (1ms)
				RefreshPlugins (1ms)
				BeforeProcessingInitializeOnLoad (75ms)
				ProcessInitializeOnLoadAttributes (381ms)
				ProcessInitializeOnLoadMethodAttributes (35ms)
				AfterProcessingInitializeOnLoad (17ms)
				EditorAssembliesLoaded (0ms)
			ExecutionOrderSort2 (0ms)
			AwakeInstancesAfterBackupRestoration (9ms)
Platform modules already initialized, skipping
Refreshing native plugins compatible for Editor in 7.84 ms, found 4 plugins.
Preloading 0 native plugins for Editor in 0.00 ms.
Unloading 3724 Unused Serialized files (Serialized files now loaded: 0)
Unloading 22 unused Assets / (24.7 KB). Loaded Objects now: 4223.
Memory consumption went from 150.2 MB to 150.2 MB.
Total: 3.276500 ms (FindLiveObjects: 0.305800 ms CreateObjectMapping: 0.214400 ms MarkObjects: 2.728200 ms  DeleteObjects: 0.027000 ms)

AssetImportParameters requested are different than current active one (requested -> active):
  custom:video-decoder-ogg-theora: a1e56fd34408186e4bbccfd4996cb3dc -> 
  custom:container-muxer-webm: aa71ff27fc2769a1b78a27578f13a17b -> 
  custom:container-demuxer-webm: 4f35f7cbe854078d1ac9338744f61a02 -> 
  custom:video-encoder-webm-vp8: eb34c28f22e8b96e1ab97ce403110664 -> 
  custom:video-codec-MediaFoundation-h265: 746d11721c4dcdbdad8f713fa42b33f4 -> 
  custom:audio-encoder-webm-vorbis: bf7c407c2cedff20999df2af8eb42d56 -> 
  custom:framework-win-MediaFoundation: 216162199b28c13a410421893ffa2e32 -> 
  custom:container-demuxer-ogg: 62fdf1f143b41e24485cea50d1cbac27 -> 
  custom:video-decoder-webm-vp8: 9c59270c3fd7afecdb556c50c9e8de78 -> 
  custom:audio-decoder-ogg-vorbis: bf7c407c2cedff20999df2af8eb42d56 -> 
========================================================================
Received Prepare
Registering precompiled user dll's ...
Registered in 0.016094 seconds.
Begin MonoManager ReloadAssembly
Symbol file LoadedFromMemory doesn't match image I:\Unity\Project\Dream_diary\Library\PackageCache\com.unity.visualscripting@1.8.0\Editor\VisualScripting.Core\Dependencies\YamlDotNet\Unity.VisualScripting.YamlDotNet.dll
Symbol file LoadedFromMemory doesn't match image I:\Unity\Project\Dream_diary\Library\PackageCache\com.unity.visualscripting@1.8.0\Editor\VisualScripting.Core\Dependencies\DotNetZip\Unity.VisualScripting.IonicZip.dll
Native extension for UWP target not found
Native extension for WindowsStandalone target not found
Native extension for WebGL target not found
Refreshing native plugins compatible for Editor in 0.70 ms, found 4 plugins.
Preloading 0 native plugins for Editor in 0.00 ms.
Mono: successfully reloaded assembly
- Completed reload, in  1.225 seconds
Domain Reload Profiling:
	ReloadAssembly (1225ms)
		BeginReloadAssembly (171ms)
			ExecutionOrderSort (0ms)
			DisableScriptedObjects (7ms)
			BackupInstance (0ms)
			ReleaseScriptingObjects (0ms)
			CreateAndSetChildDomain (36ms)
		EndReloadAssembly (942ms)
			LoadAssemblies (129ms)
			RebuildTransferFunctionScriptingTraits (0ms)
			SetupTypeCache (244ms)
			ReleaseScriptCaches (1ms)
			RebuildScriptCaches (56ms)
			SetupLoadedEditorAssemblies (487ms)
				LogAssemblyErrors (0ms)
				InitializePlatformSupportModulesInManaged (7ms)
				SetLoadedEditorAssemblies (0ms)
				RefreshPlugins (1ms)
				BeforeProcessingInitializeOnLoad (72ms)
				ProcessInitializeOnLoadAttributes (361ms)
				ProcessInitializeOnLoadMethodAttributes (32ms)
				AfterProcessingInitializeOnLoad (14ms)
				EditorAssembliesLoaded (0ms)
			ExecutionOrderSort2 (0ms)
			AwakeInstancesAfterBackupRestoration (6ms)
Platform modules already initialized, skipping
Refreshing native plugins compatible for Editor in 5.62 ms, found 4 plugins.
Preloading 0 native plugins for Editor in 0.00 ms.
Unloading 3724 Unused Serialized files (Serialized files now loaded: 0)
Unloading 22 unused Assets / (24.7 KB). Loaded Objects now: 4226.
Memory consumption went from 150.3 MB to 150.2 MB.
Total: 3.431500 ms (FindLiveObjects: 0.294000 ms CreateObjectMapping: 0.303400 ms MarkObjects: 2.806800 ms  DeleteObjects: 0.025600 ms)

AssetImportParameters requested are different than current active one (requested -> active):
  custom:video-decoder-ogg-theora: a1e56fd34408186e4bbccfd4996cb3dc -> 
  custom:container-muxer-webm: aa71ff27fc2769a1b78a27578f13a17b -> 
  custom:container-demuxer-webm: 4f35f7cbe854078d1ac9338744f61a02 -> 
  custom:video-encoder-webm-vp8: eb34c28f22e8b96e1ab97ce403110664 -> 
  custom:video-codec-MediaFoundation-h265: 746d11721c4dcdbdad8f713fa42b33f4 -> 
  custom:audio-encoder-webm-vorbis: bf7c407c2cedff20999df2af8eb42d56 -> 
  custom:framework-win-MediaFoundation: 216162199b28c13a410421893ffa2e32 -> 
  custom:container-demuxer-ogg: 62fdf1f143b41e24485cea50d1cbac27 -> 
  custom:video-decoder-webm-vp8: 9c59270c3fd7afecdb556c50c9e8de78 -> 
  custom:audio-decoder-ogg-vorbis: bf7c407c2cedff20999df2af8eb42d56 -> 
========================================================================
Received Prepare
Registering precompiled user dll's ...
Registered in 0.013830 seconds.
Begin MonoManager ReloadAssembly
Symbol file LoadedFromMemory doesn't match image I:\Unity\Project\Dream_diary\Library\PackageCache\com.unity.visualscripting@1.8.0\Editor\VisualScripting.Core\Dependencies\YamlDotNet\Unity.VisualScripting.YamlDotNet.dll
Symbol file LoadedFromMemory doesn't match image I:\Unity\Project\Dream_diary\Library\PackageCache\com.unity.visualscripting@1.8.0\Editor\VisualScripting.Core\Dependencies\DotNetZip\Unity.VisualScripting.IonicZip.dll
Native extension for UWP target not found
Native extension for WindowsStandalone target not found
Native extension for WebGL target not found
Refreshing native plugins compatible for Editor in 0.67 ms, found 4 plugins.
Preloading 0 native plugins for Editor in 0.00 ms.
Mono: successfully reloaded assembly
- Completed reload, in  1.265 seconds
Domain Reload Profiling:
	ReloadAssembly (1266ms)
		BeginReloadAssembly (190ms)
			ExecutionOrderSort (0ms)
			DisableScriptedObjects (7ms)
			BackupInstance (0ms)
			ReleaseScriptingObjects (0ms)
			CreateAndSetChildDomain (41ms)
		EndReloadAssembly (953ms)
			LoadAssemblies (142ms)
			RebuildTransferFunctionScriptingTraits (0ms)
			SetupTypeCache (255ms)
			ReleaseScriptCaches (2ms)
			RebuildScriptCaches (46ms)
			SetupLoadedEditorAssemblies (495ms)
				LogAssemblyErrors (0ms)
				InitializePlatformSupportModulesInManaged (7ms)
				SetLoadedEditorAssemblies (1ms)
				RefreshPlugins (1ms)
				BeforeProcessingInitializeOnLoad (79ms)
				ProcessInitializeOnLoadAttributes (357ms)
				ProcessInitializeOnLoadMethodAttributes (34ms)
				AfterProcessingInitializeOnLoad (16ms)
				EditorAssembliesLoaded (0ms)
			ExecutionOrderSort2 (0ms)
			AwakeInstancesAfterBackupRestoration (9ms)
Platform modules already initialized, skipping
Refreshing native plugins compatible for Editor in 5.41 ms, found 4 plugins.
Preloading 0 native plugins for Editor in 0.00 ms.
Unloading 3724 Unused Serialized files (Serialized files now loaded: 0)
Unloading 22 unused Assets / (24.7 KB). Loaded Objects now: 4229.
Memory consumption went from 150.3 MB to 150.2 MB.
Total: 3.763300 ms (FindLiveObjects: 0.283900 ms CreateObjectMapping: 0.182500 ms MarkObjects: 3.268000 ms  DeleteObjects: 0.028000 ms)

AssetImportParameters requested are different than current active one (requested -> active):
  custom:video-decoder-ogg-theora: a1e56fd34408186e4bbccfd4996cb3dc -> 
  custom:container-muxer-webm: aa71ff27fc2769a1b78a27578f13a17b -> 
  custom:container-demuxer-webm: 4f35f7cbe854078d1ac9338744f61a02 -> 
  custom:video-encoder-webm-vp8: eb34c28f22e8b96e1ab97ce403110664 -> 
  custom:video-codec-MediaFoundation-h265: 746d11721c4dcdbdad8f713fa42b33f4 -> 
  custom:audio-encoder-webm-vorbis: bf7c407c2cedff20999df2af8eb42d56 -> 
  custom:framework-win-MediaFoundation: 216162199b28c13a410421893ffa2e32 -> 
  custom:container-demuxer-ogg: 62fdf1f143b41e24485cea50d1cbac27 -> 
  custom:video-decoder-webm-vp8: 9c59270c3fd7afecdb556c50c9e8de78 -> 
  custom:audio-decoder-ogg-vorbis: bf7c407c2cedff20999df2af8eb42d56 -> 
========================================================================
Received Import Request.
  Time since last request: 712.664052 seconds.
  path: Assets/Sprites/角色/CHAB_001.png
  artifactKey: Guid(e2aa2384d9396cb4faf871c5891630b6) Importer(815301076,1909f56bfc062723c751e8b465ee728b)
Start importing Assets/Sprites/角色/CHAB_001.png using Guid(e2aa2384d9396cb4faf871c5891630b6) Importer(815301076,1909f56bfc062723c751e8b465ee728b)  -> (artifact id: 'd44f4057f7fda4b3a0fe56c4f8b9d5f4') in 0.070732 seconds 
========================================================================
Received Prepare
Registering precompiled user dll's ...
Registered in 0.013547 seconds.
Begin MonoManager ReloadAssembly
Symbol file LoadedFromMemory doesn't match image I:\Unity\Project\Dream_diary\Library\PackageCache\com.unity.visualscripting@1.8.0\Editor\VisualScripting.Core\Dependencies\YamlDotNet\Unity.VisualScripting.YamlDotNet.dll
Symbol file LoadedFromMemory doesn't match image I:\Unity\Project\Dream_diary\Library\PackageCache\com.unity.visualscripting@1.8.0\Editor\VisualScripting.Core\Dependencies\DotNetZip\Unity.VisualScripting.IonicZip.dll
Native extension for UWP target not found
Native extension for WindowsStandalone target not found
Native extension for WebGL target not found
Refreshing native plugins compatible for Editor in 0.72 ms, found 4 plugins.
Preloading 0 native plugins for Editor in 0.00 ms.
Mono: successfully reloaded assembly
- Completed reload, in  1.306 seconds
Domain Reload Profiling:
	ReloadAssembly (1306ms)
		BeginReloadAssembly (171ms)
			ExecutionOrderSort (0ms)
			DisableScriptedObjects (7ms)
			BackupInstance (0ms)
			ReleaseScriptingObjects (0ms)
			CreateAndSetChildDomain (36ms)
		EndReloadAssembly (971ms)
			LoadAssemblies (136ms)
			RebuildTransferFunctionScriptingTraits (0ms)
			SetupTypeCache (245ms)
			ReleaseScriptCaches (1ms)
			RebuildScriptCaches (48ms)
			SetupLoadedEditorAssemblies (509ms)
				LogAssemblyErrors (0ms)
				InitializePlatformSupportModulesInManaged (7ms)
				SetLoadedEditorAssemblies (0ms)
				RefreshPlugins (1ms)
				BeforeProcessingInitializeOnLoad (76ms)
				ProcessInitializeOnLoadAttributes (371ms)
				ProcessInitializeOnLoadMethodAttributes (36ms)
				AfterProcessingInitializeOnLoad (16ms)
				EditorAssembliesLoaded (0ms)
			ExecutionOrderSort2 (0ms)
			AwakeInstancesAfterBackupRestoration (8ms)
Platform modules already initialized, skipping
Refreshing native plugins compatible for Editor in 5.26 ms, found 4 plugins.
Preloading 0 native plugins for Editor in 0.00 ms.
Unloading 3737 Unused Serialized files (Serialized files now loaded: 0)
Unloading 35 unused Assets / (0.7 MB). Loaded Objects now: 4232.
Memory consumption went from 152.5 MB to 151.9 MB.
Total: 3.479400 ms (FindLiveObjects: 0.292300 ms CreateObjectMapping: 0.195600 ms MarkObjects: 2.690600 ms  DeleteObjects: 0.299700 ms)

AssetImportParameters requested are different than current active one (requested -> active):
  custom:video-decoder-ogg-theora: a1e56fd34408186e4bbccfd4996cb3dc -> 
  custom:container-muxer-webm: aa71ff27fc2769a1b78a27578f13a17b -> 
  custom:container-demuxer-webm: 4f35f7cbe854078d1ac9338744f61a02 -> 
  custom:video-encoder-webm-vp8: eb34c28f22e8b96e1ab97ce403110664 -> 
  custom:video-codec-MediaFoundation-h265: 746d11721c4dcdbdad8f713fa42b33f4 -> 
  custom:audio-encoder-webm-vorbis: bf7c407c2cedff20999df2af8eb42d56 -> 
  custom:framework-win-MediaFoundation: 216162199b28c13a410421893ffa2e32 -> 
  custom:container-demuxer-ogg: 62fdf1f143b41e24485cea50d1cbac27 -> 
  custom:video-decoder-webm-vp8: 9c59270c3fd7afecdb556c50c9e8de78 -> 
  custom:audio-decoder-ogg-vorbis: bf7c407c2cedff20999df2af8eb42d56 -> 
========================================================================
Received Import Request.
  Time since last request: 1589.524232 seconds.
  path: Assets/Sprites/角色/CHAB_001.png
  artifactKey: Guid(e2aa2384d9396cb4faf871c5891630b6) Importer(815301076,1909f56bfc062723c751e8b465ee728b)
Start importing Assets/Sprites/角色/CHAB_001.png using Guid(e2aa2384d9396cb4faf871c5891630b6) Importer(815301076,1909f56bfc062723c751e8b465ee728b)  -> (artifact id: '14a62fc145fede64f116cb15c30816d0') in 0.065681 seconds 
========================================================================
Received Import Request.
  Time since last request: 408.819854 seconds.
  path: Assets/Fonts
  artifactKey: Guid(76a51fd726a481e479136f9d12fe256e) Importer(815301076,1909f56bfc062723c751e8b465ee728b)
Start importing Assets/Fonts using Guid(76a51fd726a481e479136f9d12fe256e) Importer(815301076,1909f56bfc062723c751e8b465ee728b)  -> (artifact id: '71f0fd133f02d084415c586aa4490bbc') in 0.010846 seconds 
========================================================================
Received Import Request.
  Time since last request: 21.746592 seconds.
  path: Assets/Fonts/ipix_12pt_0_4
  artifactKey: Guid(bd60fa26ead9e2144b3ebe454798fdf1) Importer(815301076,1909f56bfc062723c751e8b465ee728b)
Start importing Assets/Fonts/ipix_12pt_0_4 using Guid(bd60fa26ead9e2144b3ebe454798fdf1) Importer(815301076,1909f56bfc062723c751e8b465ee728b)  -> (artifact id: '6f3995153d5da56dbc00cd10c26b0ef9') in 0.010104 seconds 
========================================================================
Received Import Request.
  Time since last request: 0.053091 seconds.
  path: Assets/Fonts/ipix_12pt_0_4/ipix_12px.ttf
  artifactKey: Guid(0628cdfee9369254aa30b3bc5aec367b) Importer(815301076,1909f56bfc062723c751e8b465ee728b)
Start importing Assets/Fonts/ipix_12pt_0_4/ipix_12px.ttf using Guid(0628cdfee9369254aa30b3bc5aec367b) Importer(815301076,1909f56bfc062723c751e8b465ee728b)  -> (artifact id: '229a8fcd869687b89b2225d8127a431d') in 0.056179 seconds 
========================================================================
Received Import Request.
  Time since last request: 4.821268 seconds.
  path: Assets/Fonts/ipix_12pt_0_4/license.txt
  artifactKey: Guid(d9a72923c4c9a5e4f866ab62fff61a3b) Importer(815301076,1909f56bfc062723c751e8b465ee728b)
Start importing Assets/Fonts/ipix_12pt_0_4/license.txt using Guid(d9a72923c4c9a5e4f866ab62fff61a3b) Importer(815301076,1909f56bfc062723c751e8b465ee728b)  -> (artifact id: 'ba1800256d87f4e9c0d22cfb2b8d966f') in 0.013954 seconds 
========================================================================
Received Import Request.
  Time since last request: 47.814936 seconds.
  path: Assets/TextMesh Pro/Resources/Fonts & Materials/LiberationSans SDF.asset
  artifactKey: Guid(8f586378b4e144a9851e7b34d9b748ee) Importer(815301076,1909f56bfc062723c751e8b465ee728b)
Start importing Assets/TextMesh Pro/Resources/Fonts & Materials/LiberationSans SDF.asset using Guid(8f586378b4e144a9851e7b34d9b748ee) Importer(815301076,1909f56bfc062723c751e8b465ee728b)  -> (artifact id: 'd8242c7ce3717869f4ff4b58fd8aaa50') in 0.100446 seconds 
========================================================================
Received Import Request.
  Time since last request: 165.900243 seconds.
  path: Assets/Fonts/ipix_12pt_0_4/word.txt
  artifactKey: Guid(2b2800588f1f1f34a96c289673a23475) Importer(815301076,1909f56bfc062723c751e8b465ee728b)
Start importing Assets/Fonts/ipix_12pt_0_4/word.txt using Guid(2b2800588f1f1f34a96c289673a23475) Importer(815301076,1909f56bfc062723c751e8b465ee728b)  -> (artifact id: '0f3be826d94d1da73f18af9d67399991') in 0.010838 seconds 
========================================================================
Received Import Request.
  Time since last request: 17.086297 seconds.
  path: Assets/Fonts/ipix_12px.ttf
  artifactKey: Guid(6885bfbf13be73d47bae50c669710ecc) Importer(815301076,1909f56bfc062723c751e8b465ee728b)
Start importing Assets/Fonts/ipix_12px.ttf using Guid(6885bfbf13be73d47bae50c669710ecc) Importer(815301076,1909f56bfc062723c751e8b465ee728b)  -> (artifact id: 'ebbbffaccbcf0af7b21460ec0d62a2ee') in 0.012953 seconds 
========================================================================
Received Import Request.
  Time since last request: 850.771748 seconds.
  path: Assets/Prefabs
  artifactKey: Guid(7b6b9fcee4206a448917f754ecba5a10) Importer(815301076,1909f56bfc062723c751e8b465ee728b)
Start importing Assets/Prefabs using Guid(7b6b9fcee4206a448917f754ecba5a10) Importer(815301076,1909f56bfc062723c751e8b465ee728b)  -> (artifact id: '0674e3afa4f1c6e426398bb5e26f16ed') in 0.009801 seconds 
========================================================================
Received Import Request.
  Time since last request: 6.500944 seconds.
  path: Assets/Prefabs/DialogueUI.prefab
  artifactKey: Guid(0cc934811cbad2e42921744d508f32b4) Importer(815301076,1909f56bfc062723c751e8b465ee728b)
Start importing Assets/Prefabs/DialogueUI.prefab using Guid(0cc934811cbad2e42921744d508f32b4) Importer(815301076,1909f56bfc062723c751e8b465ee728b)  -> (artifact id: 'bf2fcaebae7eea7873ce5700f78834a6') in 0.035933 seconds 
========================================================================
Received Import Request.
  Time since last request: 174.613327 seconds.
  path: Assets/Scripts/Click
  artifactKey: Guid(3428882179c461c468118db6e2ad17d7) Importer(815301076,1909f56bfc062723c751e8b465ee728b)
Start importing Assets/Scripts/Click using Guid(3428882179c461c468118db6e2ad17d7) Importer(815301076,1909f56bfc062723c751e8b465ee728b)  -> (artifact id: 'e7aa62e6672b05c36b6d675e09087a92') in 0.011047 seconds 
========================================================================
Received Import Request.
  Time since last request: 28.202550 seconds.
  path: Assets/Scripts/ClickPuzzle.cs
  artifactKey: Guid(3d5eb9003aaaef44a850bdba47f001af) Importer(815301076,1909f56bfc062723c751e8b465ee728b)
Start importing Assets/Scripts/ClickPuzzle.cs using Guid(3d5eb9003aaaef44a850bdba47f001af) Importer(815301076,1909f56bfc062723c751e8b465ee728b)  -> (artifact id: '0910d50b13f8b02166b88345aa4f25e5') in 0.009672 seconds 
========================================================================
Received Prepare
Registering precompiled user dll's ...
Registered in 0.017231 seconds.
Begin MonoManager ReloadAssembly
Symbol file LoadedFromMemory doesn't match image I:\Unity\Project\Dream_diary\Library\PackageCache\com.unity.visualscripting@1.8.0\Editor\VisualScripting.Core\Dependencies\YamlDotNet\Unity.VisualScripting.YamlDotNet.dll
Symbol file LoadedFromMemory doesn't match image I:\Unity\Project\Dream_diary\Library\PackageCache\com.unity.visualscripting@1.8.0\Editor\VisualScripting.Core\Dependencies\DotNetZip\Unity.VisualScripting.IonicZip.dll
Native extension for UWP target not found
Native extension for WindowsStandalone target not found
Native extension for WebGL target not found
Refreshing native plugins compatible for Editor in 0.70 ms, found 4 plugins.
Preloading 0 native plugins for Editor in 0.00 ms.
Mono: successfully reloaded assembly
- Completed reload, in  1.197 seconds
Domain Reload Profiling:
	ReloadAssembly (1198ms)
		BeginReloadAssembly (178ms)
			ExecutionOrderSort (0ms)
			DisableScriptedObjects (7ms)
			BackupInstance (0ms)
			ReleaseScriptingObjects (0ms)
			CreateAndSetChildDomain (41ms)
		EndReloadAssembly (901ms)
			LoadAssemblies (134ms)
			RebuildTransferFunctionScriptingTraits (0ms)
			SetupTypeCache (223ms)
			ReleaseScriptCaches (1ms)
			RebuildScriptCaches (46ms)
			SetupLoadedEditorAssemblies (473ms)
				LogAssemblyErrors (0ms)
				InitializePlatformSupportModulesInManaged (7ms)
				SetLoadedEditorAssemblies (0ms)
				RefreshPlugins (1ms)
				BeforeProcessingInitializeOnLoad (71ms)
				ProcessInitializeOnLoadAttributes (337ms)
				ProcessInitializeOnLoadMethodAttributes (41ms)
				AfterProcessingInitializeOnLoad (16ms)
				EditorAssembliesLoaded (0ms)
			ExecutionOrderSort2 (0ms)
			AwakeInstancesAfterBackupRestoration (7ms)
Platform modules already initialized, skipping
Refreshing native plugins compatible for Editor in 5.67 ms, found 4 plugins.
Preloading 0 native plugins for Editor in 0.00 ms.
Unloading 3738 Unused Serialized files (Serialized files now loaded: 0)
Unloading 34 unused Assets / (0.7 MB). Loaded Objects now: 4279.
Memory consumption went from 153.0 MB to 152.4 MB.
Total: 3.937600 ms (FindLiveObjects: 0.366600 ms CreateObjectMapping: 0.197000 ms MarkObjects: 3.060700 ms  DeleteObjects: 0.312100 ms)

AssetImportParameters requested are different than current active one (requested -> active):
  custom:video-decoder-ogg-theora: a1e56fd34408186e4bbccfd4996cb3dc -> 
  custom:container-muxer-webm: aa71ff27fc2769a1b78a27578f13a17b -> 
  custom:container-demuxer-webm: 4f35f7cbe854078d1ac9338744f61a02 -> 
  custom:video-encoder-webm-vp8: eb34c28f22e8b96e1ab97ce403110664 -> 
  custom:video-codec-MediaFoundation-h265: 746d11721c4dcdbdad8f713fa42b33f4 -> 
  custom:audio-encoder-webm-vorbis: bf7c407c2cedff20999df2af8eb42d56 -> 
  custom:framework-win-MediaFoundation: 216162199b28c13a410421893ffa2e32 -> 
  custom:container-demuxer-ogg: 62fdf1f143b41e24485cea50d1cbac27 -> 
  custom:video-decoder-webm-vp8: 9c59270c3fd7afecdb556c50c9e8de78 -> 
  custom:audio-decoder-ogg-vorbis: bf7c407c2cedff20999df2af8eb42d56 -> 
========================================================================
Received Import Request.
  Time since last request: 908.319354 seconds.
  path: Assets/Sprites/交互道具
  artifactKey: Guid(3597e361998bb934a86fa6af85016686) Importer(815301076,1909f56bfc062723c751e8b465ee728b)
Start importing Assets/Sprites/交互道具 using Guid(3597e361998bb934a86fa6af85016686) Importer(815301076,1909f56bfc062723c751e8b465ee728b)  -> (artifact id: '0c26c03caffc0a9e9a74bb9a84254a10') in 0.021073 seconds 
========================================================================
Received Import Request.
  Time since last request: 0.920216 seconds.
  path: Assets/Sprites/交互道具/prop_a
  artifactKey: Guid(8a5618041c74fc94497500cd5abdfdde) Importer(815301076,1909f56bfc062723c751e8b465ee728b)
Start importing Assets/Sprites/交互道具/prop_a using Guid(8a5618041c74fc94497500cd5abdfdde) Importer(815301076,1909f56bfc062723c751e8b465ee728b)  -> (artifact id: '8baadb2e21bf53d43512a633f923b771') in 0.009898 seconds 
========================================================================
Received Import Request.
  Time since last request: 0.057645 seconds.
  path: Assets/Sprites/交互道具/prop_a/PROP_a001.png
  artifactKey: Guid(b6a9736b80d231f489f4788cf7eb2033) Importer(815301076,1909f56bfc062723c751e8b465ee728b)
Start importing Assets/Sprites/交互道具/prop_a/PROP_a001.png using Guid(b6a9736b80d231f489f4788cf7eb2033) Importer(815301076,1909f56bfc062723c751e8b465ee728b)  -> (artifact id: '191b277bc9b8aeed2989de825531e5af') in 0.062028 seconds 
========================================================================
Received Import Request.
  Time since last request: 0.000027 seconds.
  path: Assets/Sprites/交互道具/prop_a/PROP_a005.png
  artifactKey: Guid(a87ffe08b3ed04c4998e5ddcfbe16793) Importer(815301076,1909f56bfc062723c751e8b465ee728b)
Start importing Assets/Sprites/交互道具/prop_a/PROP_a005.png using Guid(a87ffe08b3ed04c4998e5ddcfbe16793) Importer(815301076,1909f56bfc062723c751e8b465ee728b)  -> (artifact id: '9b42ea2ec5d00e533efe5ad62d0bb863') in 0.025749 seconds 
========================================================================
Received Import Request.
  Time since last request: 0.000034 seconds.
  path: Assets/Sprites/交互道具/prop_a/PROP_a0018.png
  artifactKey: Guid(3c798469aa4a53f4097f3945aae4dbb0) Importer(815301076,1909f56bfc062723c751e8b465ee728b)
Start importing Assets/Sprites/交互道具/prop_a/PROP_a0018.png using Guid(3c798469aa4a53f4097f3945aae4dbb0) Importer(815301076,1909f56bfc062723c751e8b465ee728b)  -> (artifact id: '6ee6adf8cb76069fab25648aa9394aae') in 0.028579 seconds 
========================================================================
Received Import Request.
  Time since last request: 0.000031 seconds.
  path: Assets/Sprites/交互道具/prop_a/PROP_a004.png
  artifactKey: Guid(6662484560e0c664097d2e835d3c69b6) Importer(815301076,1909f56bfc062723c751e8b465ee728b)
Start importing Assets/Sprites/交互道具/prop_a/PROP_a004.png using Guid(6662484560e0c664097d2e835d3c69b6) Importer(815301076,1909f56bfc062723c751e8b465ee728b)  -> (artifact id: '4005bd54210e24226b5fe99750644edb') in 0.024653 seconds 
========================================================================
Received Import Request.
  Time since last request: 0.000031 seconds.
  path: Assets/Sprites/交互道具/prop_a/PROP_a0012.png
  artifactKey: Guid(cfce60ba72508c0418c5a6f1253f7d6f) Importer(815301076,1909f56bfc062723c751e8b465ee728b)
Start importing Assets/Sprites/交互道具/prop_a/PROP_a0012.png using Guid(cfce60ba72508c0418c5a6f1253f7d6f) Importer(815301076,1909f56bfc062723c751e8b465ee728b)  -> (artifact id: 'b7610e6f040e22fe07ebc9b19d065850') in 0.138526 seconds 
========================================================================
Received Import Request.
  Time since last request: 0.000027 seconds.
  path: Assets/Sprites/交互道具/prop_a/PROP_a0019.png
  artifactKey: Guid(c71589a8c4be40346ade58550be611ff) Importer(815301076,1909f56bfc062723c751e8b465ee728b)
Start importing Assets/Sprites/交互道具/prop_a/PROP_a0019.png using Guid(c71589a8c4be40346ade58550be611ff) Importer(815301076,1909f56bfc062723c751e8b465ee728b)  -> (artifact id: 'cb746760913e0baacaecc9d0e2592338') in 0.023234 seconds 
========================================================================
Received Import Request.
  Time since last request: 0.000046 seconds.
  path: Assets/Sprites/交互道具/prop_a/PROP_a0013.png
  artifactKey: Guid(ea9c2b78219556c41b13deaca7a6f29f) Importer(815301076,1909f56bfc062723c751e8b465ee728b)
Start importing Assets/Sprites/交互道具/prop_a/PROP_a0013.png using Guid(ea9c2b78219556c41b13deaca7a6f29f) Importer(815301076,1909f56bfc062723c751e8b465ee728b)  -> (artifact id: '5195e7c2ec77802b5794315d9ecb9eba') in 0.110815 seconds 
========================================================================
Received Import Request.
  Time since last request: 0.000034 seconds.
  path: Assets/Sprites/交互道具/prop_a/PROP_a007.png
  artifactKey: Guid(ede9446941fb1994c9bc2b505ffc787f) Importer(815301076,1909f56bfc062723c751e8b465ee728b)
Start importing Assets/Sprites/交互道具/prop_a/PROP_a007.png using Guid(ede9446941fb1994c9bc2b505ffc787f) Importer(815301076,1909f56bfc062723c751e8b465ee728b)  -> (artifact id: 'ab4d4f4a0b3b3df25889af4a3a6b0568') in 0.026305 seconds 
========================================================================
Received Import Request.
  Time since last request: 0.000037 seconds.
  path: Assets/Sprites/交互道具/prop_a/PROP_a0016.png
  artifactKey: Guid(950bba4b1a8cd1e47b66ceb19390f47b) Importer(815301076,1909f56bfc062723c751e8b465ee728b)
Start importing Assets/Sprites/交互道具/prop_a/PROP_a0016.png using Guid(950bba4b1a8cd1e47b66ceb19390f47b) Importer(815301076,1909f56bfc062723c751e8b465ee728b)  -> (artifact id: '50b7de369cf5ae58610aa095b6bd0cd9') in 0.104171 seconds 
========================================================================
Received Import Request.
  Time since last request: 0.000024 seconds.
  path: Assets/Sprites/交互道具/prop_a/PROP_a006.png
  artifactKey: Guid(f0734836dd60a604d9318aabc197f3f8) Importer(815301076,1909f56bfc062723c751e8b465ee728b)
Start importing Assets/Sprites/交互道具/prop_a/PROP_a006.png using Guid(f0734836dd60a604d9318aabc197f3f8) Importer(815301076,1909f56bfc062723c751e8b465ee728b)  -> (artifact id: '74e1d9b7593f9ecb38b08734d3457934') in 0.020113 seconds 
========================================================================
Received Import Request.
  Time since last request: 28.908986 seconds.
  path: ProjectSettings/TagManager.asset
  artifactKey: Guid(00000000000000003000000000000000) Importer(815301076,1909f56bfc062723c751e8b465ee728b)
Start importing ProjectSettings/TagManager.asset using Guid(00000000000000003000000000000000) Importer(815301076,1909f56bfc062723c751e8b465ee728b)  -> (artifact id: 'f668221892e4fb55741c5770c96ce169') in 0.017692 seconds 
========================================================================
Received Import Request.
  Time since last request: 73.331864 seconds.
  path: Assets/Sprites/交互道具/prop_a/PROP_a0012.png
  artifactKey: Guid(cfce60ba72508c0418c5a6f1253f7d6f) Importer(815301076,1909f56bfc062723c751e8b465ee728b)
Start importing Assets/Sprites/交互道具/prop_a/PROP_a0012.png using Guid(cfce60ba72508c0418c5a6f1253f7d6f) Importer(815301076,1909f56bfc062723c751e8b465ee728b)  -> (artifact id: '8eb6e4b0abbcc55ae4454b298ac623ef') in 0.098480 seconds 
========================================================================
Received Import Request.
  Time since last request: 0.072274 seconds.
  path: Assets/Sprites/交互道具/prop_a/PROP_a001.png
  artifactKey: Guid(b6a9736b80d231f489f4788cf7eb2033) Importer(815301076,1909f56bfc062723c751e8b465ee728b)
Start importing Assets/Sprites/交互道具/prop_a/PROP_a001.png using Guid(b6a9736b80d231f489f4788cf7eb2033) Importer(815301076,1909f56bfc062723c751e8b465ee728b)  -> (artifact id: 'cf04ddf4b62e9ef34aae6d34d62a8022') in 0.018400 seconds 
========================================================================
Received Import Request.
  Time since last request: 0.000029 seconds.
  path: Assets/Sprites/交互道具/prop_a/PROP_a005.png
  artifactKey: Guid(a87ffe08b3ed04c4998e5ddcfbe16793) Importer(815301076,1909f56bfc062723c751e8b465ee728b)
Start importing Assets/Sprites/交互道具/prop_a/PROP_a005.png using Guid(a87ffe08b3ed04c4998e5ddcfbe16793) Importer(815301076,1909f56bfc062723c751e8b465ee728b)  -> (artifact id: '45444f924cd385a196aec58c31eb700f') in 0.019429 seconds 
========================================================================
Received Import Request.
  Time since last request: 0.000028 seconds.
  path: Assets/Sprites/交互道具/prop_a/PROP_a003.png
  artifactKey: Guid(dfa8c91eee932b445bf616e44566fdb1) Importer(815301076,1909f56bfc062723c751e8b465ee728b)
Start importing Assets/Sprites/交互道具/prop_a/PROP_a003.png using Guid(dfa8c91eee932b445bf616e44566fdb1) Importer(815301076,1909f56bfc062723c751e8b465ee728b)  -> (artifact id: '108217b200a214ad43130590513fe652') in 0.010142 seconds 
========================================================================
Received Import Request.
  Time since last request: 0.000018 seconds.
  path: Assets/Sprites/交互道具/prop_a/PROP_a0018.png
  artifactKey: Guid(3c798469aa4a53f4097f3945aae4dbb0) Importer(815301076,1909f56bfc062723c751e8b465ee728b)
Start importing Assets/Sprites/交互道具/prop_a/PROP_a0018.png using Guid(3c798469aa4a53f4097f3945aae4dbb0) Importer(815301076,1909f56bfc062723c751e8b465ee728b)  -> (artifact id: 'd4d82f37934fd268c69284d285a4648a') in 0.008499 seconds 
========================================================================
Received Import Request.
  Time since last request: 0.000017 seconds.
  path: Assets/Sprites/交互道具/prop_a/PROP_a008.png
  artifactKey: Guid(1c56ccf76ee6a384f9e1e04cf37a925c) Importer(815301076,1909f56bfc062723c751e8b465ee728b)
Start importing Assets/Sprites/交互道具/prop_a/PROP_a008.png using Guid(1c56ccf76ee6a384f9e1e04cf37a925c) Importer(815301076,1909f56bfc062723c751e8b465ee728b)  -> (artifact id: 'd015017f3bc0e16f3212e90173d93826') in 0.010984 seconds 
========================================================================
Received Import Request.
  Time since last request: 0.000021 seconds.
  path: Assets/Sprites/交互道具/prop_a/PROP_a004.png
  artifactKey: Guid(6662484560e0c664097d2e835d3c69b6) Importer(815301076,1909f56bfc062723c751e8b465ee728b)
Start importing Assets/Sprites/交互道具/prop_a/PROP_a004.png using Guid(6662484560e0c664097d2e835d3c69b6) Importer(815301076,1909f56bfc062723c751e8b465ee728b)  -> (artifact id: 'eaf880b6704f668460a93982c69d1bd8') in 0.015643 seconds 
========================================================================
Received Import Request.
  Time since last request: 0.000020 seconds.
  path: Assets/Sprites/交互道具/prop_a/PROP_a0015.png
  artifactKey: Guid(b79318cf661d9bc4285aa89d7eeefd19) Importer(815301076,1909f56bfc062723c751e8b465ee728b)
Start importing Assets/Sprites/交互道具/prop_a/PROP_a0015.png using Guid(b79318cf661d9bc4285aa89d7eeefd19) Importer(815301076,1909f56bfc062723c751e8b465ee728b)  -> (artifact id: '2188be4868cc4c314f82eb7bc0ee3cbb') in 0.114865 seconds 
========================================================================
Received Import Request.
  Time since last request: 0.000026 seconds.
  path: Assets/Sprites/交互道具/prop_a/PROP_a0013.png
  artifactKey: Guid(ea9c2b78219556c41b13deaca7a6f29f) Importer(815301076,1909f56bfc062723c751e8b465ee728b)
Start importing Assets/Sprites/交互道具/prop_a/PROP_a0013.png using Guid(ea9c2b78219556c41b13deaca7a6f29f) Importer(815301076,1909f56bfc062723c751e8b465ee728b)  -> (artifact id: '88f1af83d1ec4d94ea18b6e30806d71a') in 0.099478 seconds 
========================================================================
Received Import Request.
  Time since last request: 0.000034 seconds.
  path: Assets/Sprites/交互道具/prop_a/PROP_a0016.png
  artifactKey: Guid(950bba4b1a8cd1e47b66ceb19390f47b) Importer(815301076,1909f56bfc062723c751e8b465ee728b)
Start importing Assets/Sprites/交互道具/prop_a/PROP_a0016.png using Guid(950bba4b1a8cd1e47b66ceb19390f47b) Importer(815301076,1909f56bfc062723c751e8b465ee728b)  -> (artifact id: '7da50c9113990fd76932b1af43371784') in 0.098197 seconds 
========================================================================
Received Import Request.
  Time since last request: 0.000017 seconds.
  path: Assets/Sprites/交互道具/prop_a/PROP_a006.png
  artifactKey: Guid(f0734836dd60a604d9318aabc197f3f8) Importer(815301076,1909f56bfc062723c751e8b465ee728b)
Start importing Assets/Sprites/交互道具/prop_a/PROP_a006.png using Guid(f0734836dd60a604d9318aabc197f3f8) Importer(815301076,1909f56bfc062723c751e8b465ee728b)  -> (artifact id: '4b3ded5de5719a14f28dc7c3cfe8acc7') in 0.009687 seconds 
Editor requested this worker to shutdown with reason: Scaling down because of idle timeout
AssetImportWorker is now disconnected from the server
Process exiting
Exiting without the bug reporter. Application will terminate with return code 0