Using pre-set license
Built from '2021.3/china_unity/release' branch; Version is '2021.3.26f1c1 (19b503b0ef33) revision 1684739'; Using compiler version '192829333'; Build Type 'Release'
OS: 'Windows 10  (10.0.19045) 64bit Professional' Language: 'zh' Physical Memory: 32652 MB
BatchMode: 1, IsHumanControllingUs: 0, StartBugReporterOnCrash: 0, Is64bit: 1, IsPro: 1

COMMAND LINE ARGUMENTS:
I:\Unity\Editor\2021.3.26f1c1\Editor\Unity.exe
-adb2
-batchMode
-noUpm
-name
AssetImportWorker1
-projectPath
I:/Unity/Project/Dream_diary
-logFile
Logs/AssetImportWorker1.log
-srvPort
9990
Successfully changed project path to: I:/Unity/Project/Dream_diary
I:/Unity/Project/Dream_diary
[UnityMemory] Configuration Parameters - Can be set up in boot.config
    "memorysetup-bucket-allocator-granularity=16"
    "memorysetup-bucket-allocator-bucket-count=8"
    "memorysetup-bucket-allocator-block-size=33554432"
    "memorysetup-bucket-allocator-block-count=8"
    "memorysetup-main-allocator-block-size=16777216"
    "memorysetup-thread-allocator-block-size=16777216"
    "memorysetup-gfx-main-allocator-block-size=16777216"
    "memorysetup-gfx-thread-allocator-block-size=16777216"
    "memorysetup-cache-allocator-block-size=4194304"
    "memorysetup-typetree-allocator-block-size=2097152"
    "memorysetup-profiler-bucket-allocator-granularity=16"
    "memorysetup-profiler-bucket-allocator-bucket-count=8"
    "memorysetup-profiler-bucket-allocator-block-size=33554432"
    "memorysetup-profiler-bucket-allocator-block-count=8"
    "memorysetup-profiler-allocator-block-size=16777216"
    "memorysetup-profiler-editor-allocator-block-size=1048576"
    "memorysetup-temp-allocator-size-main=16777216"
    "memorysetup-job-temp-allocator-block-size=2097152"
    "memorysetup-job-temp-allocator-block-size-background=1048576"
    "memorysetup-job-temp-allocator-reduction-small-platforms=262144"
    "memorysetup-temp-allocator-size-background-worker=32768"
    "memorysetup-temp-allocator-size-job-worker=262144"
    "memorysetup-temp-allocator-size-preload-manager=33554432"
    "memorysetup-temp-allocator-size-nav-mesh-worker=65536"
    "memorysetup-temp-allocator-size-audio-worker=65536"
    "memorysetup-temp-allocator-size-cloud-worker=32768"
    "memorysetup-temp-allocator-size-gi-baking-worker=262144"
    "memorysetup-temp-allocator-size-gfx=262144"
Player connection [16388] Host "[IP] 10.87.0.12 [Port] 0 [Flags] 2 [Guid] 1010846058 [EditorId] 1010846058 [Version] 1048832 [Id] WindowsEditor(7,DESKTOP-7OA21GU) [Debug] 1 [PackageName] WindowsEditor [ProjectName] Editor" joined multi-casting on [225.0.0.222:54997]...

Player connection [16388] Host "[IP] 10.87.0.12 [Port] 0 [Flags] 2 [Guid] 1010846058 [EditorId] 1010846058 [Version] 1048832 [Id] WindowsEditor(7,DESKTOP-7OA21GU) [Debug] 1 [PackageName] WindowsEditor [ProjectName] Editor" joined alternative multi-casting on [225.0.0.222:34997]...

AS: AutoStreaming module initializing.
Refreshing native plugins compatible for Editor in 86.09 ms, found 4 plugins.
Preloading 0 native plugins for Editor in 0.00 ms.
Initialize engine version: 2021.3.26f1c1 (19b503b0ef33)
[Subsystems] Discovering subsystems at path I:/Unity/Editor/2021.3.26f1c1/Editor/Data/Resources/UnitySubsystems
[Subsystems] Discovering subsystems at path I:/Unity/Project/Dream_diary/Assets
GfxDevice: creating device client; threaded=0; jobified=0
Direct3D:
    Version:  Direct3D 11.0 [level 11.1]
    Renderer: NVIDIA GeForce GT 1030 (ID=0x1d01)
    Vendor:   NVIDIA
    VRAM:     1967 MB
    Driver:   32.0.15.7688
Initialize mono
Mono path[0] = 'I:/Unity/Editor/2021.3.26f1c1/Editor/Data/Managed'
Mono path[1] = 'I:/Unity/Editor/2021.3.26f1c1/Editor/Data/MonoBleedingEdge/lib/mono/unityjit-win32'
Mono config path = 'I:/Unity/Editor/2021.3.26f1c1/Editor/Data/MonoBleedingEdge/etc'
Using monoOptions --debugger-agent=transport=dt_socket,embedding=1,server=y,suspend=n,address=127.0.0.1:56536
Begin MonoManager ReloadAssembly
Registering precompiled unity dll's ...
Register platform support module: I:/Unity/Editor/2021.3.26f1c1/Editor/Data/PlaybackEngines/WebGLSupport/UnityEditor.WebGL.Extensions.dll
Register platform support module: I:/Unity/Editor/2021.3.26f1c1/Editor/Data/PlaybackEngines/WindowsStandaloneSupport/UnityEditor.WindowsStandalone.Extensions.dll
Register platform support module: I:/Unity/Editor/2021.3.26f1c1/Editor/Data/PlaybackEngines/MetroSupport/UnityEditor.UWP.Extensions.dll
Registered in 0.005667 seconds.
Native extension for UWP target not found
Native extension for WindowsStandalone target not found
Native extension for WebGL target not found
Refreshing native plugins compatible for Editor in 87.87 ms, found 4 plugins.
Preloading 0 native plugins for Editor in 0.00 ms.
Mono: successfully reloaded assembly
- Completed reload, in  0.680 seconds
Domain Reload Profiling:
	ReloadAssembly (680ms)
		BeginReloadAssembly (103ms)
			ExecutionOrderSort (0ms)
			DisableScriptedObjects (0ms)
			BackupInstance (0ms)
			ReleaseScriptingObjects (0ms)
			CreateAndSetChildDomain (1ms)
		EndReloadAssembly (466ms)
			LoadAssemblies (98ms)
			RebuildTransferFunctionScriptingTraits (0ms)
			SetupTypeCache (110ms)
			ReleaseScriptCaches (0ms)
			RebuildScriptCaches (27ms)
			SetupLoadedEditorAssemblies (272ms)
				LogAssemblyErrors (0ms)
				InitializePlatformSupportModulesInManaged (9ms)
				SetLoadedEditorAssemblies (0ms)
				RefreshPlugins (88ms)
				BeforeProcessingInitializeOnLoad (1ms)
				ProcessInitializeOnLoadAttributes (120ms)
				ProcessInitializeOnLoadMethodAttributes (53ms)
				AfterProcessingInitializeOnLoad (0ms)
				EditorAssembliesLoaded (0ms)
			ExecutionOrderSort2 (0ms)
			AwakeInstancesAfterBackupRestoration (0ms)
Platform modules already initialized, skipping
Registering precompiled user dll's ...
Registered in 0.014568 seconds.
Begin MonoManager ReloadAssembly
Symbol file LoadedFromMemory doesn't match image I:\Unity\Project\Dream_diary\Library\PackageCache\com.unity.visualscripting@1.8.0\Editor\VisualScripting.Core\Dependencies\YamlDotNet\Unity.VisualScripting.YamlDotNet.dll
Symbol file LoadedFromMemory doesn't match image I:\Unity\Project\Dream_diary\Library\PackageCache\com.unity.visualscripting@1.8.0\Editor\VisualScripting.Core\Dependencies\DotNetZip\Unity.VisualScripting.IonicZip.dll
Native extension for UWP target not found
Native extension for WindowsStandalone target not found
Native extension for WebGL target not found
Refreshing native plugins compatible for Editor in 94.09 ms, found 4 plugins.
Preloading 0 native plugins for Editor in 0.00 ms.
Mono: successfully reloaded assembly
- Completed reload, in  1.198 seconds
Domain Reload Profiling:
	ReloadAssembly (1199ms)
		BeginReloadAssembly (137ms)
			ExecutionOrderSort (0ms)
			DisableScriptedObjects (6ms)
			BackupInstance (0ms)
			ReleaseScriptingObjects (0ms)
			CreateAndSetChildDomain (19ms)
		EndReloadAssembly (927ms)
			LoadAssemblies (116ms)
			RebuildTransferFunctionScriptingTraits (0ms)
			SetupTypeCache (249ms)
			ReleaseScriptCaches (1ms)
			RebuildScriptCaches (55ms)
			SetupLoadedEditorAssemblies (463ms)
				LogAssemblyErrors (0ms)
				InitializePlatformSupportModulesInManaged (6ms)
				SetLoadedEditorAssemblies (0ms)
				RefreshPlugins (94ms)
				BeforeProcessingInitializeOnLoad (97ms)
				ProcessInitializeOnLoadAttributes (208ms)
				ProcessInitializeOnLoadMethodAttributes (43ms)
				AfterProcessingInitializeOnLoad (14ms)
				EditorAssembliesLoaded (0ms)
			ExecutionOrderSort2 (0ms)
			AwakeInstancesAfterBackupRestoration (8ms)
Platform modules already initialized, skipping
========================================================================
Worker process is ready to serve import requests
Launched and connected shader compiler UnityShaderCompiler.exe after 0.04 seconds
Refreshing native plugins compatible for Editor in 0.98 ms, found 4 plugins.
Preloading 0 native plugins for Editor in 0.00 ms.
Unloading 3734 Unused Serialized files (Serialized files now loaded: 0)
Unloading 35 unused Assets / (56.1 KB). Loaded Objects now: 4194.
Memory consumption went from 146.9 MB to 146.8 MB.
Total: 3.214300 ms (FindLiveObjects: 0.321600 ms CreateObjectMapping: 0.245800 ms MarkObjects: 2.578100 ms  DeleteObjects: 0.067900 ms)

AssetImportParameters requested are different than current active one (requested -> active):
  custom:video-decoder-ogg-theora: a1e56fd34408186e4bbccfd4996cb3dc -> 
  custom:container-muxer-webm: aa71ff27fc2769a1b78a27578f13a17b -> 
  custom:container-demuxer-webm: 4f35f7cbe854078d1ac9338744f61a02 -> 
  custom:video-encoder-webm-vp8: eb34c28f22e8b96e1ab97ce403110664 -> 
  custom:video-codec-MediaFoundation-h265: 746d11721c4dcdbdad8f713fa42b33f4 -> 
  custom:audio-encoder-webm-vorbis: bf7c407c2cedff20999df2af8eb42d56 -> 
  custom:framework-win-MediaFoundation: 216162199b28c13a410421893ffa2e32 -> 
  custom:container-demuxer-ogg: 62fdf1f143b41e24485cea50d1cbac27 -> 
  custom:video-decoder-webm-vp8: 9c59270c3fd7afecdb556c50c9e8de78 -> 
  custom:audio-decoder-ogg-vorbis: bf7c407c2cedff20999df2af8eb42d56 -> 
========================================================================
Received Import Request.
  Time since last request: 1525250.869647 seconds.
  path: Assets
  artifactKey: Guid(00000000000000001000000000000000) Importer(815301076,1909f56bfc062723c751e8b465ee728b)
Start importing Assets using Guid(00000000000000001000000000000000) Importer(815301076,1909f56bfc062723c751e8b465ee728b)  -> (artifact id: '79842766b460edbeab6a34051e857a80') in 0.016360 seconds 
========================================================================
Received Import Request.
  Time since last request: 578.668535 seconds.
  path: Assets/Sprites/BG/BG_002.png
  artifactKey: Guid(1c2ab12e177a99341b5d0adcafe4502f) Importer(815301076,1909f56bfc062723c751e8b465ee728b)
Start importing Assets/Sprites/BG/BG_002.png using Guid(1c2ab12e177a99341b5d0adcafe4502f) Importer(815301076,1909f56bfc062723c751e8b465ee728b)  -> (artifact id: '550ffa2818ee727d252d90bd839bd314') in 0.159381 seconds 
========================================================================
Received Import Request.
  Time since last request: 0.000040 seconds.
  path: Assets/Sprites/BG/BG_004.png
  artifactKey: Guid(3b1402817e732e44ea8c6cc9f5503d2c) Importer(815301076,1909f56bfc062723c751e8b465ee728b)
Start importing Assets/Sprites/BG/BG_004.png using Guid(3b1402817e732e44ea8c6cc9f5503d2c) Importer(815301076,1909f56bfc062723c751e8b465ee728b)  -> (artifact id: '2c01e28d7dbd14f0bc39f70ed26042da') in 0.125268 seconds 
========================================================================
Received Import Request.
  Time since last request: 0.000027 seconds.
  path: Assets/Sprites/BG/BG_007.png
  artifactKey: Guid(66a57175e06cb2b47a295b038fa854c5) Importer(815301076,1909f56bfc062723c751e8b465ee728b)
Start importing Assets/Sprites/BG/BG_007.png using Guid(66a57175e06cb2b47a295b038fa854c5) Importer(815301076,1909f56bfc062723c751e8b465ee728b)  -> (artifact id: '2a3e626ee5f09e846c9c407e2e10f9d9') in 0.110452 seconds 
========================================================================
Received Import Request.
  Time since last request: 0.000019 seconds.
  path: Assets/Sprites/BG/BG_008.png
  artifactKey: Guid(44466934b9218c24782ac71a099d83ca) Importer(815301076,1909f56bfc062723c751e8b465ee728b)
Start importing Assets/Sprites/BG/BG_008.png using Guid(44466934b9218c24782ac71a099d83ca) Importer(815301076,1909f56bfc062723c751e8b465ee728b)  -> (artifact id: 'dd5cf9b1df7026a3b91060051cf603bc') in 0.061763 seconds 
========================================================================
Received Import Request.
  Time since last request: 0.000021 seconds.
  path: Assets/Sprites/BG/BG_003.png
  artifactKey: Guid(e877fe81219a34d4caa4472e51de209e) Importer(815301076,1909f56bfc062723c751e8b465ee728b)
Start importing Assets/Sprites/BG/BG_003.png using Guid(e877fe81219a34d4caa4472e51de209e) Importer(815301076,1909f56bfc062723c751e8b465ee728b)  -> (artifact id: '1740a70d83fd6e419771c5d8a0f2f57e') in 0.039134 seconds 
========================================================================
Received Import Request.
  Time since last request: 81.208415 seconds.
  path: Assets/Sprites/BG/BG_002.png
  artifactKey: Guid(1c2ab12e177a99341b5d0adcafe4502f) Importer(815301076,1909f56bfc062723c751e8b465ee728b)
Start importing Assets/Sprites/BG/BG_002.png using Guid(1c2ab12e177a99341b5d0adcafe4502f) Importer(815301076,1909f56bfc062723c751e8b465ee728b)  -> (artifact id: 'e5a997a7beecc16b4746e92465481d1e') in 0.043576 seconds 
========================================================================
Received Import Request.
  Time since last request: 0.000024 seconds.
  path: Assets/Sprites/BG/BG_004.png
  artifactKey: Guid(3b1402817e732e44ea8c6cc9f5503d2c) Importer(815301076,1909f56bfc062723c751e8b465ee728b)
Start importing Assets/Sprites/BG/BG_004.png using Guid(3b1402817e732e44ea8c6cc9f5503d2c) Importer(815301076,1909f56bfc062723c751e8b465ee728b)  -> (artifact id: '5f29b7b49f3ff60fd7b6bc8585daa32b') in 0.090354 seconds 
========================================================================
Received Import Request.
  Time since last request: 0.000033 seconds.
  path: Assets/Sprites/BG/BG_009.jpg
  artifactKey: Guid(55b3330caf240d74f82a278b2b1cd08f) Importer(815301076,1909f56bfc062723c751e8b465ee728b)
Start importing Assets/Sprites/BG/BG_009.jpg using Guid(55b3330caf240d74f82a278b2b1cd08f) Importer(815301076,1909f56bfc062723c751e8b465ee728b)  -> (artifact id: 'ce9706c9172030accc3b75bec8602a59') in 0.103598 seconds 
========================================================================
Received Import Request.
  Time since last request: 0.000038 seconds.
  path: Assets/Sprites/BG/BG_008.png
  artifactKey: Guid(44466934b9218c24782ac71a099d83ca) Importer(815301076,1909f56bfc062723c751e8b465ee728b)
Start importing Assets/Sprites/BG/BG_008.png using Guid(44466934b9218c24782ac71a099d83ca) Importer(815301076,1909f56bfc062723c751e8b465ee728b)  -> (artifact id: '1f76826dcd52471f9a3bfb8177ba2ae6') in 0.055891 seconds 
========================================================================
Received Import Request.
  Time since last request: 0.000021 seconds.
  path: Assets/Sprites/BG/BG_003.png
  artifactKey: Guid(e877fe81219a34d4caa4472e51de209e) Importer(815301076,1909f56bfc062723c751e8b465ee728b)
Start importing Assets/Sprites/BG/BG_003.png using Guid(e877fe81219a34d4caa4472e51de209e) Importer(815301076,1909f56bfc062723c751e8b465ee728b)  -> (artifact id: '59401436b6c9de129dee96e8d10d4a5f') in 0.034461 seconds 
========================================================================
Received Import Request.
  Time since last request: 95.438976 seconds.
  path: Assets/Sprites/BG/BG_003.png
  artifactKey: Guid(e877fe81219a34d4caa4472e51de209e) Importer(815301076,1909f56bfc062723c751e8b465ee728b)
Start importing Assets/Sprites/BG/BG_003.png using Guid(e877fe81219a34d4caa4472e51de209e) Importer(815301076,1909f56bfc062723c751e8b465ee728b)  -> (artifact id: '1687982818f58bf60c33d7570a7c4cc3') in 0.033694 seconds 
========================================================================
Received Import Request.
  Time since last request: 136.348104 seconds.
  path: Assets/Sprites/角色/CHAB_001.png
  artifactKey: Guid(e2aa2384d9396cb4faf871c5891630b6) Importer(815301076,1909f56bfc062723c751e8b465ee728b)
Start importing Assets/Sprites/角色/CHAB_001.png using Guid(e2aa2384d9396cb4faf871c5891630b6) Importer(815301076,1909f56bfc062723c751e8b465ee728b)  -> (artifact id: '506cdabb5b3ee002aa75626cd56d09bb') in 0.022567 seconds 
========================================================================
Received Import Request.
  Time since last request: 2.504442 seconds.
  path: Assets/Sprites/角色/成年走走小人
  artifactKey: Guid(23559598c9ec36e41ae2a96f29c6829e) Importer(815301076,1909f56bfc062723c751e8b465ee728b)
Start importing Assets/Sprites/角色/成年走走小人 using Guid(23559598c9ec36e41ae2a96f29c6829e) Importer(815301076,1909f56bfc062723c751e8b465ee728b)  -> (artifact id: 'd2acf4d490aa6f0fb4615ca2297d364a') in 0.011806 seconds 
========================================================================
Received Import Request.
  Time since last request: 0.277225 seconds.
  path: Assets/Sprites/角色/成年走走小人/CHAB_002 (1).png
  artifactKey: Guid(d6a9ff42b132ba8488de504eb4d36e1f) Importer(815301076,1909f56bfc062723c751e8b465ee728b)
Start importing Assets/Sprites/角色/成年走走小人/CHAB_002 (1).png using Guid(d6a9ff42b132ba8488de504eb4d36e1f) Importer(815301076,1909f56bfc062723c751e8b465ee728b)  -> (artifact id: 'c47b21d4a0349e357898b8347d9379e2') in 0.022910 seconds 
========================================================================
Received Import Request.
  Time since last request: 0.000028 seconds.
  path: Assets/Sprites/角色/成年走走小人/CHAB_002 (8).png
  artifactKey: Guid(7430337639497e14fbd293093845804b) Importer(815301076,1909f56bfc062723c751e8b465ee728b)
Start importing Assets/Sprites/角色/成年走走小人/CHAB_002 (8).png using Guid(7430337639497e14fbd293093845804b) Importer(815301076,1909f56bfc062723c751e8b465ee728b)  -> (artifact id: 'a7d7e016f76b1402b47aa6e69a99e796') in 0.021790 seconds 
========================================================================
Received Import Request.
  Time since last request: 0.000030 seconds.
  path: Assets/Sprites/角色/成年走走小人/CHAB_002 (11).png
  artifactKey: Guid(076c30ce9d715e648a80a5c004d27ecb) Importer(815301076,1909f56bfc062723c751e8b465ee728b)
Start importing Assets/Sprites/角色/成年走走小人/CHAB_002 (11).png using Guid(076c30ce9d715e648a80a5c004d27ecb) Importer(815301076,1909f56bfc062723c751e8b465ee728b)  -> (artifact id: 'ee3599532209afd5217384c4bf1399a8') in 0.020263 seconds 
========================================================================
Received Import Request.
  Time since last request: 0.000021 seconds.
  path: Assets/Sprites/角色/成年走走小人/CHAB_002 (5).png
  artifactKey: Guid(56ad6f6723e0f4d44ba8244399f01613) Importer(815301076,1909f56bfc062723c751e8b465ee728b)
Start importing Assets/Sprites/角色/成年走走小人/CHAB_002 (5).png using Guid(56ad6f6723e0f4d44ba8244399f01613) Importer(815301076,1909f56bfc062723c751e8b465ee728b)  -> (artifact id: '25b042759aa7b63e3ad38dc0243fe683') in 0.021769 seconds 
========================================================================
Received Import Request.
  Time since last request: 0.000029 seconds.
  path: Assets/Sprites/角色/成年走走小人/CHAB_002 (10).png
  artifactKey: Guid(11dcf8aad8daa39488eccfdc36115084) Importer(815301076,1909f56bfc062723c751e8b465ee728b)
Start importing Assets/Sprites/角色/成年走走小人/CHAB_002 (10).png using Guid(11dcf8aad8daa39488eccfdc36115084) Importer(815301076,1909f56bfc062723c751e8b465ee728b)  -> (artifact id: '20ad0d647154a4a7c67b665623231964') in 0.021586 seconds 
========================================================================
Received Import Request.
  Time since last request: 0.000027 seconds.
  path: Assets/Sprites/角色/成年走走小人/CHAB_002 (9).png
  artifactKey: Guid(b41183256cf57d942bc6d03fe1172b98) Importer(815301076,1909f56bfc062723c751e8b465ee728b)
Start importing Assets/Sprites/角色/成年走走小人/CHAB_002 (9).png using Guid(b41183256cf57d942bc6d03fe1172b98) Importer(815301076,1909f56bfc062723c751e8b465ee728b)  -> (artifact id: 'f03582692121343812a4fd4d2e158c6c') in 0.021724 seconds 
========================================================================
Received Import Request.
  Time since last request: 0.000023 seconds.
  path: Assets/Sprites/角色/成年走走小人/CHAB_002 (7).png
  artifactKey: Guid(f5f675cde8d847f4e87640200872affd) Importer(815301076,1909f56bfc062723c751e8b465ee728b)
Start importing Assets/Sprites/角色/成年走走小人/CHAB_002 (7).png using Guid(f5f675cde8d847f4e87640200872affd) Importer(815301076,1909f56bfc062723c751e8b465ee728b)  -> (artifact id: '54afdb669771c2425065344cae80ba74') in 0.023264 seconds 
========================================================================
Received Import Request.
  Time since last request: 0.000024 seconds.
  path: Assets/Sprites/角色/成年走走小人/CHAB_002 (4).png
  artifactKey: Guid(830a442fafb683c46859cbb56cfda6de) Importer(815301076,1909f56bfc062723c751e8b465ee728b)
Start importing Assets/Sprites/角色/成年走走小人/CHAB_002 (4).png using Guid(830a442fafb683c46859cbb56cfda6de) Importer(815301076,1909f56bfc062723c751e8b465ee728b)  -> (artifact id: '717b76a852625037a0fa5aae91f02041') in 0.022644 seconds 
========================================================================
Received Prepare
Registering precompiled user dll's ...
Registered in 0.016228 seconds.
Begin MonoManager ReloadAssembly
Symbol file LoadedFromMemory doesn't match image I:\Unity\Project\Dream_diary\Library\PackageCache\com.unity.visualscripting@1.8.0\Editor\VisualScripting.Core\Dependencies\YamlDotNet\Unity.VisualScripting.YamlDotNet.dll
Symbol file LoadedFromMemory doesn't match image I:\Unity\Project\Dream_diary\Library\PackageCache\com.unity.visualscripting@1.8.0\Editor\VisualScripting.Core\Dependencies\DotNetZip\Unity.VisualScripting.IonicZip.dll
Native extension for UWP target not found
Native extension for WindowsStandalone target not found
Native extension for WebGL target not found
Refreshing native plugins compatible for Editor in 0.80 ms, found 4 plugins.
Preloading 0 native plugins for Editor in 0.00 ms.
Mono: successfully reloaded assembly
- Completed reload, in  1.253 seconds
Domain Reload Profiling:
	ReloadAssembly (1254ms)
		BeginReloadAssembly (218ms)
			ExecutionOrderSort (0ms)
			DisableScriptedObjects (8ms)
			BackupInstance (0ms)
			ReleaseScriptingObjects (0ms)
			CreateAndSetChildDomain (43ms)
		EndReloadAssembly (897ms)
			LoadAssemblies (177ms)
			RebuildTransferFunctionScriptingTraits (0ms)
			SetupTypeCache (285ms)
			ReleaseScriptCaches (1ms)
			RebuildScriptCaches (55ms)
			SetupLoadedEditorAssemblies (366ms)
				LogAssemblyErrors (0ms)
				InitializePlatformSupportModulesInManaged (9ms)
				SetLoadedEditorAssemblies (1ms)
				RefreshPlugins (1ms)
				BeforeProcessingInitializeOnLoad (85ms)
				ProcessInitializeOnLoadAttributes (214ms)
				ProcessInitializeOnLoadMethodAttributes (39ms)
				AfterProcessingInitializeOnLoad (17ms)
				EditorAssembliesLoaded (0ms)
			ExecutionOrderSort2 (0ms)
			AwakeInstancesAfterBackupRestoration (8ms)
Platform modules already initialized, skipping
Refreshing native plugins compatible for Editor in 6.00 ms, found 4 plugins.
Preloading 0 native plugins for Editor in 0.00 ms.
Unloading 3723 Unused Serialized files (Serialized files now loaded: 0)
Unloading 22 unused Assets / (24.7 KB). Loaded Objects now: 4216.
Memory consumption went from 150.2 MB to 150.2 MB.
Total: 3.013000 ms (FindLiveObjects: 0.366400 ms CreateObjectMapping: 0.233900 ms MarkObjects: 2.383600 ms  DeleteObjects: 0.027800 ms)

AssetImportParameters requested are different than current active one (requested -> active):
  custom:video-decoder-ogg-theora: a1e56fd34408186e4bbccfd4996cb3dc -> 
  custom:container-muxer-webm: aa71ff27fc2769a1b78a27578f13a17b -> 
  custom:container-demuxer-webm: 4f35f7cbe854078d1ac9338744f61a02 -> 
  custom:video-encoder-webm-vp8: eb34c28f22e8b96e1ab97ce403110664 -> 
  custom:video-codec-MediaFoundation-h265: 746d11721c4dcdbdad8f713fa42b33f4 -> 
  custom:audio-encoder-webm-vorbis: bf7c407c2cedff20999df2af8eb42d56 -> 
  custom:framework-win-MediaFoundation: 216162199b28c13a410421893ffa2e32 -> 
  custom:container-demuxer-ogg: 62fdf1f143b41e24485cea50d1cbac27 -> 
  custom:video-decoder-webm-vp8: 9c59270c3fd7afecdb556c50c9e8de78 -> 
  custom:audio-decoder-ogg-vorbis: bf7c407c2cedff20999df2af8eb42d56 -> 
Editor requested this worker to shutdown with reason: Scaling down because of idle timeout
AssetImportWorker is now disconnected from the server
Process exiting
Exiting without the bug reporter. Application will terminate with return code 0