Using pre-set license
Built from '2021.3/china_unity/release' branch; Version is '2021.3.26f1c1 (19b503b0ef33) revision 1684739'; Using compiler version '192829333'; Build Type 'Release'
OS: 'Windows 10  (10.0.19045) 64bit Professional' Language: 'zh' Physical Memory: 32652 MB
BatchMode: 1, IsHumanControllingUs: 0, StartBugReporterOnCrash: 0, Is64bit: 1, IsPro: 1

COMMAND LINE ARGUMENTS:
I:\Unity\Editor\2021.3.26f1c1\Editor\Unity.exe
-adb2
-batchMode
-noUpm
-name
AssetImportWorker0
-projectPath
I:/Unity/Project/Dream_diary
-logFile
Logs/AssetImportWorker0.log
-srvPort
9990
Successfully changed project path to: I:/Unity/Project/Dream_diary
I:/Unity/Project/Dream_diary
[UnityMemory] Configuration Parameters - Can be set up in boot.config
    "memorysetup-bucket-allocator-granularity=16"
    "memorysetup-bucket-allocator-bucket-count=8"
    "memorysetup-bucket-allocator-block-size=33554432"
    "memorysetup-bucket-allocator-block-count=8"
    "memorysetup-main-allocator-block-size=16777216"
    "memorysetup-thread-allocator-block-size=16777216"
    "memorysetup-gfx-main-allocator-block-size=16777216"
    "memorysetup-gfx-thread-allocator-block-size=16777216"
    "memorysetup-cache-allocator-block-size=4194304"
    "memorysetup-typetree-allocator-block-size=2097152"
    "memorysetup-profiler-bucket-allocator-granularity=16"
    "memorysetup-profiler-bucket-allocator-bucket-count=8"
    "memorysetup-profiler-bucket-allocator-block-size=33554432"
    "memorysetup-profiler-bucket-allocator-block-count=8"
    "memorysetup-profiler-allocator-block-size=16777216"
    "memorysetup-profiler-editor-allocator-block-size=1048576"
    "memorysetup-temp-allocator-size-main=16777216"
    "memorysetup-job-temp-allocator-block-size=2097152"
    "memorysetup-job-temp-allocator-block-size-background=1048576"
    "memorysetup-job-temp-allocator-reduction-small-platforms=262144"
    "memorysetup-temp-allocator-size-background-worker=32768"
    "memorysetup-temp-allocator-size-job-worker=262144"
    "memorysetup-temp-allocator-size-preload-manager=33554432"
    "memorysetup-temp-allocator-size-nav-mesh-worker=65536"
    "memorysetup-temp-allocator-size-audio-worker=65536"
    "memorysetup-temp-allocator-size-cloud-worker=32768"
    "memorysetup-temp-allocator-size-gi-baking-worker=262144"
    "memorysetup-temp-allocator-size-gfx=262144"
Player connection [22316] Host "[IP] 10.87.0.12 [Port] 0 [Flags] 2 [Guid] 1643083973 [EditorId] 1643083973 [Version] 1048832 [Id] WindowsEditor(7,DESKTOP-7OA21GU) [Debug] 1 [PackageName] WindowsEditor [ProjectName] Editor" joined multi-casting on [225.0.0.222:54997]...

Player connection [22316] Host "[IP] 10.87.0.12 [Port] 0 [Flags] 2 [Guid] 1643083973 [EditorId] 1643083973 [Version] 1048832 [Id] WindowsEditor(7,DESKTOP-7OA21GU) [Debug] 1 [PackageName] WindowsEditor [ProjectName] Editor" joined alternative multi-casting on [225.0.0.222:34997]...

AS: AutoStreaming module initializing.
Refreshing native plugins compatible for Editor in 93.93 ms, found 4 plugins.
Preloading 0 native plugins for Editor in 0.00 ms.
Initialize engine version: 2021.3.26f1c1 (19b503b0ef33)
[Subsystems] Discovering subsystems at path I:/Unity/Editor/2021.3.26f1c1/Editor/Data/Resources/UnitySubsystems
[Subsystems] Discovering subsystems at path I:/Unity/Project/Dream_diary/Assets
GfxDevice: creating device client; threaded=0; jobified=0
Direct3D:
    Version:  Direct3D 11.0 [level 11.1]
    Renderer: NVIDIA GeForce GT 1030 (ID=0x1d01)
    Vendor:   NVIDIA
    VRAM:     1967 MB
    Driver:   32.0.15.7688
Initialize mono
Mono path[0] = 'I:/Unity/Editor/2021.3.26f1c1/Editor/Data/Managed'
Mono path[1] = 'I:/Unity/Editor/2021.3.26f1c1/Editor/Data/MonoBleedingEdge/lib/mono/unityjit-win32'
Mono config path = 'I:/Unity/Editor/2021.3.26f1c1/Editor/Data/MonoBleedingEdge/etc'
Using monoOptions --debugger-agent=transport=dt_socket,embedding=1,server=y,suspend=n,address=127.0.0.1:56504
Begin MonoManager ReloadAssembly
Registering precompiled unity dll's ...
Register platform support module: I:/Unity/Editor/2021.3.26f1c1/Editor/Data/PlaybackEngines/WebGLSupport/UnityEditor.WebGL.Extensions.dll
Register platform support module: I:/Unity/Editor/2021.3.26f1c1/Editor/Data/PlaybackEngines/WindowsStandaloneSupport/UnityEditor.WindowsStandalone.Extensions.dll
Register platform support module: I:/Unity/Editor/2021.3.26f1c1/Editor/Data/PlaybackEngines/MetroSupport/UnityEditor.UWP.Extensions.dll
Registered in 0.006526 seconds.
Native extension for UWP target not found
Native extension for WindowsStandalone target not found
Native extension for WebGL target not found
Refreshing native plugins compatible for Editor in 82.34 ms, found 4 plugins.
Preloading 0 native plugins for Editor in 0.00 ms.
Mono: successfully reloaded assembly
- Completed reload, in  0.674 seconds
Domain Reload Profiling:
	ReloadAssembly (674ms)
		BeginReloadAssembly (105ms)
			ExecutionOrderSort (0ms)
			DisableScriptedObjects (0ms)
			BackupInstance (0ms)
			ReleaseScriptingObjects (0ms)
			CreateAndSetChildDomain (1ms)
		EndReloadAssembly (460ms)
			LoadAssemblies (101ms)
			RebuildTransferFunctionScriptingTraits (0ms)
			SetupTypeCache (113ms)
			ReleaseScriptCaches (0ms)
			RebuildScriptCaches (29ms)
			SetupLoadedEditorAssemblies (260ms)
				LogAssemblyErrors (0ms)
				InitializePlatformSupportModulesInManaged (10ms)
				SetLoadedEditorAssemblies (0ms)
				RefreshPlugins (82ms)
				BeforeProcessingInitializeOnLoad (1ms)
				ProcessInitializeOnLoadAttributes (122ms)
				ProcessInitializeOnLoadMethodAttributes (45ms)
				AfterProcessingInitializeOnLoad (0ms)
				EditorAssembliesLoaded (0ms)
			ExecutionOrderSort2 (0ms)
			AwakeInstancesAfterBackupRestoration (0ms)
Platform modules already initialized, skipping
Registering precompiled user dll's ...
Registered in 0.014894 seconds.
Begin MonoManager ReloadAssembly
Symbol file LoadedFromMemory doesn't match image I:\Unity\Project\Dream_diary\Library\PackageCache\com.unity.visualscripting@1.8.0\Editor\VisualScripting.Core\Dependencies\YamlDotNet\Unity.VisualScripting.YamlDotNet.dll
Symbol file LoadedFromMemory doesn't match image I:\Unity\Project\Dream_diary\Library\PackageCache\com.unity.visualscripting@1.8.0\Editor\VisualScripting.Core\Dependencies\DotNetZip\Unity.VisualScripting.IonicZip.dll
Native extension for UWP target not found
Native extension for WindowsStandalone target not found
Native extension for WebGL target not found
Refreshing native plugins compatible for Editor in 95.50 ms, found 4 plugins.
Preloading 0 native plugins for Editor in 0.00 ms.
Mono: successfully reloaded assembly
- Completed reload, in  1.194 seconds
Domain Reload Profiling:
	ReloadAssembly (1195ms)
		BeginReloadAssembly (141ms)
			ExecutionOrderSort (0ms)
			DisableScriptedObjects (6ms)
			BackupInstance (0ms)
			ReleaseScriptingObjects (0ms)
			CreateAndSetChildDomain (19ms)
		EndReloadAssembly (923ms)
			LoadAssemblies (118ms)
			RebuildTransferFunctionScriptingTraits (0ms)
			SetupTypeCache (245ms)
			ReleaseScriptCaches (1ms)
			RebuildScriptCaches (58ms)
			SetupLoadedEditorAssemblies (466ms)
				LogAssemblyErrors (0ms)
				InitializePlatformSupportModulesInManaged (8ms)
				SetLoadedEditorAssemblies (0ms)
				RefreshPlugins (96ms)
				BeforeProcessingInitializeOnLoad (102ms)
				ProcessInitializeOnLoadAttributes (210ms)
				ProcessInitializeOnLoadMethodAttributes (37ms)
				AfterProcessingInitializeOnLoad (14ms)
				EditorAssembliesLoaded (0ms)
			ExecutionOrderSort2 (0ms)
			AwakeInstancesAfterBackupRestoration (8ms)
Platform modules already initialized, skipping
========================================================================
Worker process is ready to serve import requests
Launched and connected shader compiler UnityShaderCompiler.exe after 0.04 seconds
Refreshing native plugins compatible for Editor in 0.85 ms, found 4 plugins.
Preloading 0 native plugins for Editor in 0.00 ms.
Unloading 3734 Unused Serialized files (Serialized files now loaded: 0)
Unloading 35 unused Assets / (56.1 KB). Loaded Objects now: 4194.
Memory consumption went from 146.9 MB to 146.8 MB.
Total: 3.351200 ms (FindLiveObjects: 0.354800 ms CreateObjectMapping: 0.281300 ms MarkObjects: 2.642700 ms  DeleteObjects: 0.071200 ms)

AssetImportParameters requested are different than current active one (requested -> active):
  custom:video-decoder-ogg-theora: a1e56fd34408186e4bbccfd4996cb3dc -> 
  custom:container-muxer-webm: aa71ff27fc2769a1b78a27578f13a17b -> 
  custom:container-demuxer-webm: 4f35f7cbe854078d1ac9338744f61a02 -> 
  custom:video-encoder-webm-vp8: eb34c28f22e8b96e1ab97ce403110664 -> 
  custom:video-codec-MediaFoundation-h265: 746d11721c4dcdbdad8f713fa42b33f4 -> 
  custom:audio-encoder-webm-vorbis: bf7c407c2cedff20999df2af8eb42d56 -> 
  custom:framework-win-MediaFoundation: 216162199b28c13a410421893ffa2e32 -> 
  custom:container-demuxer-ogg: 62fdf1f143b41e24485cea50d1cbac27 -> 
  custom:video-decoder-webm-vp8: 9c59270c3fd7afecdb556c50c9e8de78 -> 
  custom:audio-decoder-ogg-vorbis: bf7c407c2cedff20999df2af8eb42d56 -> 
========================================================================
Received Import Request.
  Time since last request: 1525260.809476 seconds.
  path: Assets/Scripts
  artifactKey: Guid(3a6612577d2e43f4d9c48cb736ae0ddb) Importer(815301076,1909f56bfc062723c751e8b465ee728b)
Start importing Assets/Scripts using Guid(3a6612577d2e43f4d9c48cb736ae0ddb) Importer(815301076,1909f56bfc062723c751e8b465ee728b)  -> (artifact id: '0f71ff660c90c04b05c6cdfcb90dbdff') in 0.017819 seconds 
========================================================================
Received Import Request.
  Time since last request: 23.209023 seconds.
  path: Assets/Sprites
  artifactKey: Guid(96d3d423a7dbc50468a3061d000df15d) Importer(815301076,1909f56bfc062723c751e8b465ee728b)
Start importing Assets/Sprites using Guid(96d3d423a7dbc50468a3061d000df15d) Importer(815301076,1909f56bfc062723c751e8b465ee728b)  -> (artifact id: '7d83e8c516d486f5be8589b352bc66a8') in 0.014059 seconds 
========================================================================
Received Import Request.
  Time since last request: 86.481916 seconds.
  path: Assets/Audio
  artifactKey: Guid(929bd2e7f5d53b94ba4adee42c3008c6) Importer(815301076,1909f56bfc062723c751e8b465ee728b)
Start importing Assets/Audio using Guid(929bd2e7f5d53b94ba4adee42c3008c6) Importer(815301076,1909f56bfc062723c751e8b465ee728b)  -> (artifact id: '7367668e39256bd8408d5a1bc5af9638') in 0.012202 seconds 
========================================================================
Received Import Request.
  Time since last request: 419.570443 seconds.
  path: Assets/Sprites/前景图
  artifactKey: Guid(abcf2e122379aab44aff8c4cb61949e2) Importer(815301076,1909f56bfc062723c751e8b465ee728b)
Start importing Assets/Sprites/前景图 using Guid(abcf2e122379aab44aff8c4cb61949e2) Importer(815301076,1909f56bfc062723c751e8b465ee728b)  -> (artifact id: '6c7fd4970cfaacc3246fe364dd71ebf0') in 0.012799 seconds 
========================================================================
Received Import Request.
  Time since last request: 0.851341 seconds.
  path: Assets/Sprites/角色
  artifactKey: Guid(13b55df64bbfa18429871ba6c9a24f67) Importer(815301076,1909f56bfc062723c751e8b465ee728b)
Start importing Assets/Sprites/角色 using Guid(13b55df64bbfa18429871ba6c9a24f67) Importer(815301076,1909f56bfc062723c751e8b465ee728b)  -> (artifact id: '163b78ef9d553205c3300fe071ebffb8') in 0.011387 seconds 
========================================================================
Received Import Request.
  Time since last request: 38.387534 seconds.
  path: Assets/Sprites/BG
  artifactKey: Guid(b13ded3d1e24c98478b36b79407d6d9c) Importer(815301076,1909f56bfc062723c751e8b465ee728b)
Start importing Assets/Sprites/BG using Guid(b13ded3d1e24c98478b36b79407d6d9c) Importer(815301076,1909f56bfc062723c751e8b465ee728b)  -> (artifact id: '23083807630da84ef5c19e6dcbe58957') in 0.011741 seconds 
========================================================================
Received Import Request.
  Time since last request: 0.120683 seconds.
  path: Assets/Sprites/BG/BG_001.jpg
  artifactKey: Guid(7292be2c447ad8149940945ebd1af103) Importer(815301076,1909f56bfc062723c751e8b465ee728b)
Start importing Assets/Sprites/BG/BG_001.jpg using Guid(7292be2c447ad8149940945ebd1af103) Importer(815301076,1909f56bfc062723c751e8b465ee728b)  -> (artifact id: '7d9571d1e7aad95702a94b893edcc695') in 0.237103 seconds 
========================================================================
Received Import Request.
  Time since last request: 0.000034 seconds.
  path: Assets/Sprites/BG/BG_009.jpg
  artifactKey: Guid(55b3330caf240d74f82a278b2b1cd08f) Importer(815301076,1909f56bfc062723c751e8b465ee728b)
Start importing Assets/Sprites/BG/BG_009.jpg using Guid(55b3330caf240d74f82a278b2b1cd08f) Importer(815301076,1909f56bfc062723c751e8b465ee728b)  -> (artifact id: '52067535e423b7fa411d396b4c62fc5e') in 0.125407 seconds 
========================================================================
Received Import Request.
  Time since last request: 0.000054 seconds.
  path: Assets/Sprites/BG/BG_005.png
  artifactKey: Guid(c290ab147228deb4cbfff1a771f3cf2a) Importer(815301076,1909f56bfc062723c751e8b465ee728b)
Start importing Assets/Sprites/BG/BG_005.png using Guid(c290ab147228deb4cbfff1a771f3cf2a) Importer(815301076,1909f56bfc062723c751e8b465ee728b)  -> (artifact id: '3529f0de36f98d0da5698e76dba1220c') in 0.114649 seconds 
Editor requested this worker to shutdown with reason: Scaling down because of idle timeout
AssetImportWorker is now disconnected from the server
Process exiting
Exiting without the bug reporter. Application will terminate with return code 0